AT3G22840.1_ELIP	mei_GLEAN_10021933	4321.080807	797.2615504	75.60151918	2.110417808	94.71241715
AT3G22840.1_ELIP	mei_GLEAN_10021934	1451.736418	2.06599501	-	-	-
AT4G25470.1_CBF2	mei_GLEAN_10003593	87.86281463	5.270665018	54.59617736	92.05933045	0.834064433
AT4G25470.1_CBF2	mei_GLEAN_10003594	7.062950731	-	-	-	-
AT4G25470.1_CBF2	mei_GLEAN_10003595	0.170023676	-	0.131727262	0.316403674	-
AT4G25470.1_CBF2	mei_GLEAN_10003596	11.50527992	1.122943828	10.58062196	122.0231447	0.174925367
AT4G25470.1_CBF2	mei_GLEAN_10003597	0.340047352	-	-	-	-
AT4G25470.1_CBF2	mei_GLEAN_10003599	5.038267952	0.510852488	2.848456324	60.73223862	0.127323995
AT4G25470.1_CBF2	mei_GLEAN_10003602	9.270914408	-	0.29927993	10.70300519	0.120398422
AT4G25470.1_CBF2	mei_GLEAN_10003604	0.464517514	0.522804509	-	-	1.194443216
AT4G25470.1_CBF2	mei_GLEAN_10024080	0.765529486	1.608295793	0.71172043	13.58122107	-
AT4G25470.1_CBF2	mei_GLEAN_10024086	-	-	-	-	0.4252496
AT4G25470.1_CBF2	mei_GLEAN_10025075	6.367093516	1.293866043	2.055399519	91.91026679	1.488373599
AT4G25470.1_CBF2	mei_GLEAN_10025076	68.84556614	16.54424748	12.65871827	346.763205	15.4258927
AT4G25490.1_CBF1	mei_GLEAN_10003593	87.86281463	5.270665018	54.59617736	92.05933045	0.834064433
AT4G25490.1_CBF1	mei_GLEAN_10003594	7.062950731	-	-	-	-
AT4G25490.1_CBF1	mei_GLEAN_10003595	0.170023676	-	0.131727262	0.316403674	-
AT4G25490.1_CBF1	mei_GLEAN_10003596	11.50527992	1.122943828	10.58062196	122.0231447	0.174925367
AT4G25490.1_CBF1	mei_GLEAN_10003597	0.340047352	-	-	-	-
AT4G25490.1_CBF1	mei_GLEAN_10003599	5.038267952	0.510852488	2.848456324	60.73223862	0.127323995
AT4G25490.1_CBF1	mei_GLEAN_10003602	9.270914408	-	0.29927993	10.70300519	0.120398422
AT4G25490.1_CBF1	mei_GLEAN_10003604	0.464517514	0.522804509	-	-	1.194443216
AT4G25490.1_CBF1	mei_GLEAN_10024080	0.765529486	1.608295793	0.71172043	13.58122107	-
AT4G25490.1_CBF1	mei_GLEAN_10024086	-	-	-	-	0.4252496
AT4G25490.1_CBF1	mei_GLEAN_10025075	6.367093516	1.293866043	2.055399519	91.91026679	1.488373599
AT4G25490.1_CBF1	mei_GLEAN_10025076	68.84556614	16.54424748	12.65871827	346.763205	15.4258927
