AF365930_Ve2	mei_GLEAN_10000718	62	expansion
AF365930_Ve2	mei_GLEAN_10000719	62	expansion
AF365930_Ve2	mei_GLEAN_10001251	51	contraction
AF365930_Ve2	mei_GLEAN_10002266	62	expansion
AF365930_Ve2	mei_GLEAN_10002271	62	expansion
AF365930_Ve2	mei_GLEAN_10002578	62	expansion
AF365930_Ve2	mei_GLEAN_10002583	62	expansion
AF365930_Ve2	mei_GLEAN_10003031	51	contraction
AF365930_Ve2	mei_GLEAN_10003581	62	expansion
AF365930_Ve2	mei_GLEAN_10005327	62	expansion
AF365930_Ve2	mei_GLEAN_10005329	62	expansion
AF365930_Ve2	mei_GLEAN_10005671	62	expansion
AF365930_Ve2	mei_GLEAN_10005794	51	contraction
AF365930_Ve2	mei_GLEAN_10005797	51	contraction
AF365930_Ve2	mei_GLEAN_10005798	51	contraction
AF365930_Ve2	mei_GLEAN_10005801	51	contraction
AF365930_Ve2	mei_GLEAN_10007243	62	expansion
AF365930_Ve2	mei_GLEAN_10007246	62	expansion
AF365930_Ve2	mei_GLEAN_10007295	100	unchange
AF365930_Ve2	mei_GLEAN_10007320	62	expansion
AF365930_Ve2	mei_GLEAN_10008572	62	expansion
AF365930_Ve2	mei_GLEAN_10008582	62	expansion
AF365930_Ve2	mei_GLEAN_10008583	62	expansion
AF365930_Ve2	mei_GLEAN_10009429	62	expansion
AF365930_Ve2	mei_GLEAN_10009454	62	expansion
AF365930_Ve2	mei_GLEAN_10009950	51	contraction
AF365930_Ve2	mei_GLEAN_10009954	51	contraction
AF365930_Ve2	mei_GLEAN_10010044	19	contraction
AF365930_Ve2	mei_GLEAN_10010449	19	contraction
AF365930_Ve2	mei_GLEAN_10011197	51	contraction
AF365930_Ve2	mei_GLEAN_10013434	100	unchange
AF365930_Ve2	mei_GLEAN_10014638	100	unchange
AF365930_Ve2	mei_GLEAN_10014646	100	unchange
AF365930_Ve2	mei_GLEAN_10014649	100	unchange
AF365930_Ve2	mei_GLEAN_10014650	100	unchange
AF365930_Ve2	mei_GLEAN_10014651	100	unchange
AF365930_Ve2	mei_GLEAN_10019135	19	contraction
AF365930_Ve2	mei_GLEAN_10022149	19	contraction
AF365930_Ve2	mei_GLEAN_10023618	19	contraction
AF365930_Ve2	mei_GLEAN_10025954	8443	unchange
AF365930_Ve2	mei_GLEAN_10027558	9	expansion
AF365930_Ve2	mei_GLEAN_10028623	9	expansion
AT1G08720.1_R1	mei_GLEAN_10019375	4264	unchange
AT1G11000.1_Mol	mei_GLEAN_10003796	683	unchange
AT1G11000.1_Mol	mei_GLEAN_10005427	11569	unchange
AT1G11000.1_Mol	mei_GLEAN_10010300	1232	unchange
AT1G11000.1_Mol	mei_GLEAN_10010842	15648	unchange
AT1G11000.1_Mol	mei_GLEAN_10010843	614	expansion
AT1G11000.1_Mol	mei_GLEAN_10015745	9703	unchange
AT1G11000.1_Mol	mei_GLEAN_10016505	15654	unchange
AT1G11000.1_Mol	mei_GLEAN_10017344	683	unchange
AT1G11000.1_Mol	mei_GLEAN_10020023	9711	expansion
AT1G11000.1_Mol	mei_GLEAN_10021018	9711	expansion
AT1G11000.1_Mol	mei_GLEAN_10022008	14358	unchange
AT1G11000.1_Mol	mei_GLEAN_10023007	614	expansion
AT1G11000.1_Mol	mei_GLEAN_10024435	5188	unchange
AT1G11000.1_Mol	mei_GLEAN_10025594	614	expansion
AT1G11000.1_Mol	mei_GLEAN_10025597	614	expansion
AT1G11000.1_Mol	mei_GLEAN_10029210	8487	unchange
AT1G33960.1_RPS2	mei_GLEAN_10015458	6160	unchange
AT1G64280.1_NPR1	mei_GLEAN_10007053	14650	unchange
AT1G64280.1_NPR1	mei_GLEAN_10020971	687	unchange
AT1G64280.1_NPR1	mei_GLEAN_10020974	687	unchange
AT1G64280.1_NPR1	mei_GLEAN_10026133	687	unchange
AT1G74710.2_SID2	mei_GLEAN_10007620	10435	unchange
AT1G75040.1_PR5	mei_GLEAN_10002277	611	contraction
AT1G75040.1_PR5	mei_GLEAN_10002527	16747	expansion
AT1G75040.1_PR5	mei_GLEAN_10002528	16747	expansion
AT1G75040.1_PR5	mei_GLEAN_10002530	uncluster	uncluster
AT1G75040.1_PR5	mei_GLEAN_10002531	1800	unchange
AT1G75040.1_PR5	mei_GLEAN_10002803	uncluster	uncluster
AT1G75040.1_PR5	mei_GLEAN_10003368	106	expansion
AT1G75040.1_PR5	mei_GLEAN_10013572	uncluster	uncluster
AT1G75040.1_PR5	mei_GLEAN_10016645	6430	unchange
AT1G75040.1_PR5	mei_GLEAN_10019337	5778	unchange
AT1G75040.1_PR5	mei_GLEAN_10019338	11700	unchange
AT1G75040.1_PR5	mei_GLEAN_10020756	uncluster	uncluster
AT1G75040.1_PR5	mei_GLEAN_10020757	uncluster	uncluster
AT1G75040.1_PR5	mei_GLEAN_10020758	24822	expansion
AT1G75040.1_PR5	mei_GLEAN_10020760	uncluster	uncluster
AT1G75040.1_PR5	mei_GLEAN_10020762	24822	expansion
AT1G75040.1_PR5	mei_GLEAN_10020764	uncluster	uncluster
AT1G75040.1_PR5	mei_GLEAN_10020766	24824	unchange
AT1G75040.1_PR5	mei_GLEAN_10020793	uncluster	uncluster
AT1G75040.1_PR5	mei_GLEAN_10025795	15054	unchange
AT1G75040.1_PR5	mei_GLEAN_10026286	17053	unchange
AT1G75040.1_PR5	mei_GLEAN_10026889	10406	unchange
AT1G75040.1_PR5	mei_GLEAN_10027905	18332	unchange
AT1G75040.1_PR5	mei_GLEAN_10028369	3316	unchange
AT1G75040.1_PR5	mei_GLEAN_10029204	9562	unchange
AT1G75040.1_PR5	mei_GLEAN_10030057	13244	unchange
AT1G75040.1_PR5	mei_GLEAN_10030058	2380	unchange
AT1G75040.1_PR5	mei_GLEAN_10030418	8690	unchange
AT2G03760.1_Pib	mei_GLEAN_10005395	24216	unchange
AT2G03760.1_Pib	mei_GLEAN_10005585	14982	unchange
AT2G03760.1_Pib	mei_GLEAN_10005586	24227	unchange
AT2G03760.1_Pib	mei_GLEAN_10008009	12769	unchange
AT2G29980.1_FAD3	mei_GLEAN_10012260	15933	unchange
AT2G29980.1_FAD3	mei_GLEAN_10012261	17589	unchange
AT2G29980.1_FAD3	mei_GLEAN_10014611	1167	unchange
AT2G29980.1_FAD3	mei_GLEAN_10016553	3028	unchange
AT2G29980.1_FAD3	mei_GLEAN_10028222	1167	unchange
AT2G39940.1_COI1	mei_GLEAN_10015135	459	unchange
AT2G39940.1_COI1	mei_GLEAN_10015549	3016	unchange
AT2G39940.1_COI1	mei_GLEAN_10017661	459	unchange
AT2G39940.1_COI1	mei_GLEAN_10028164	6175	unchange
AT2G43710.2_SSI2	mei_GLEAN_10010720	1502	contraction
AT2G43710.2_SSI2	mei_GLEAN_10011209	11947	unchange
AT2G46370.4_JAR1	mei_GLEAN_10011116	804	unchange
AT2G46370.4_JAR1	mei_GLEAN_10012968	172	unchange
AT2G46370.4_JAR1	mei_GLEAN_10013270	172	unchange
AT2G46370.4_JAR1	mei_GLEAN_10017340	172	unchange
AT2G46370.4_JAR1	mei_GLEAN_10017435	14493	unchange
AT2G46370.4_JAR1	mei_GLEAN_10020382	172	unchange
AT2G46370.4_JAR1	mei_GLEAN_10022277	804	unchange
AT2G46370.4_JAR1	mei_GLEAN_10024547	172	unchange
AT3G11170.1_FAD7	mei_GLEAN_10012260	15933	unchange
AT3G11170.1_FAD7	mei_GLEAN_10012261	17589	unchange
AT3G11170.1_FAD7	mei_GLEAN_10014611	1167	unchange
AT3G11170.1_FAD7	mei_GLEAN_10016553	3028	unchange
AT3G11170.1_FAD7	mei_GLEAN_10028222	1167	unchange
AT3G12500.1_CHIB	mei_GLEAN_10001298	uncluster	uncluster
AT3G12500.1_CHIB	mei_GLEAN_10004470	18910	unchange
AT3G12500.1_CHIB	mei_GLEAN_10004750	uncluster	uncluster
AT3G12500.1_CHIB	mei_GLEAN_10004761	5567	unchange
AT3G12500.1_CHIB	mei_GLEAN_10009774	8986	unchange
AT3G12500.1_CHIB	mei_GLEAN_10011586	16601	unchange
AT3G12500.1_CHIB	mei_GLEAN_10016184	12310	unchange
AT3G12500.1_CHIB	mei_GLEAN_10018468	1368	unchange
AT3G12500.1_CHIB	mei_GLEAN_10019215	1368	unchange
AT3G12500.1_PR3	mei_GLEAN_10001298	uncluster	uncluster
AT3G12500.1_PR3	mei_GLEAN_10004470	18910	unchange
AT3G12500.1_PR3	mei_GLEAN_10004750	uncluster	uncluster
AT3G12500.1_PR3	mei_GLEAN_10004761	5567	unchange
AT3G12500.1_PR3	mei_GLEAN_10009774	8986	unchange
AT3G12500.1_PR3	mei_GLEAN_10011586	16601	unchange
AT3G12500.1_PR3	mei_GLEAN_10016184	12310	unchange
AT3G12500.1_PR3	mei_GLEAN_10018468	1368	unchange
AT3G12500.1_PR3	mei_GLEAN_10019215	1368	unchange
AT3G52430.1_PAD4	mei_GLEAN_10012787	8512	unchange
AT4G01370.1_MPK4	mei_GLEAN_10003920	169	unchange
AT4G01370.1_MPK4	mei_GLEAN_10005550	746	contraction
AT4G01370.1_MPK4	mei_GLEAN_10008369	12171	unchange
AT4G01370.1_MPK4	mei_GLEAN_10009237	7422	unchange
AT4G01370.1_MPK4	mei_GLEAN_10009736	93	contraction
AT4G01370.1_MPK4	mei_GLEAN_10009797	10993	unchange
AT4G01370.1_MPK4	mei_GLEAN_10011323	93	contraction
AT4G01370.1_MPK4	mei_GLEAN_10011903	1499	contraction
AT4G01370.1_MPK4	mei_GLEAN_10012661	3858	unchange
AT4G01370.1_MPK4	mei_GLEAN_10013027	93	contraction
AT4G01370.1_MPK4	mei_GLEAN_10014189	93	contraction
AT4G01370.1_MPK4	mei_GLEAN_10014411	uncluster	uncluster
AT4G01370.1_MPK4	mei_GLEAN_10015276	374	unchange
AT4G01370.1_MPK4	mei_GLEAN_10015500	90	unchange
AT4G01370.1_MPK4	mei_GLEAN_10016422	7215	unchange
AT4G01370.1_MPK4	mei_GLEAN_10017796	7975	unchange
AT4G01370.1_MPK4	mei_GLEAN_10018833	169	unchange
AT4G01370.1_MPK4	mei_GLEAN_10018868	2447	unchange
AT4G01370.1_MPK4	mei_GLEAN_10019388	90	unchange
AT4G01370.1_MPK4	mei_GLEAN_10019604	24788	unchange
AT4G01370.1_MPK4	mei_GLEAN_10019986	5611	unchange
AT4G01370.1_MPK4	mei_GLEAN_10020092	169	unchange
AT4G01370.1_MPK4	mei_GLEAN_10021687	12783	unchange
AT4G01370.1_MPK4	mei_GLEAN_10022217	90	unchange
AT4G01370.1_MPK4	mei_GLEAN_10022865	11943	unchange
AT4G01370.1_MPK4	mei_GLEAN_10022895	169	unchange
AT4G01370.1_MPK4	mei_GLEAN_10022973	90	unchange
AT4G01370.1_MPK4	mei_GLEAN_10023772	93	contraction
AT4G01370.1_MPK4	mei_GLEAN_10024404	90	unchange
AT4G01370.1_MPK4	mei_GLEAN_10026496	90	unchange
AT4G01370.1_MPK4	mei_GLEAN_10026595	16625	unchange
AT4G01370.1_MPK4	mei_GLEAN_10026848	4586	unchange
AT4G01370.1_MPK4	mei_GLEAN_10027815	824	unchange
AT4G01370.1_MPK4	mei_GLEAN_10028846	12275	unchange
AT4G01370.1_MPK4	mei_GLEAN_10029114	824	unchange
AT4G01370.1_MPK4	mei_GLEAN_10029496	169	unchange
AT4G01370.1_MPK4	mei_GLEAN_10029527	1575	unchange
AT4G01370.1_MPK4	mei_GLEAN_10030295	93	contraction
AT4G01370.1_MPK4	mei_GLEAN_10030539	374	unchange
AT4G16950.1_RPP5	mei_GLEAN_10004246	3	expansion
AT4G16950.1_RPP5	mei_GLEAN_10006597	2	expansion
AT4G16950.1_RPP5	mei_GLEAN_10006693	29	expansion
AT4G16950.1_RPP5	mei_GLEAN_10006696	29	expansion
AT4G16950.1_RPP5	mei_GLEAN_10007200	2	expansion
AT4G16950.1_RPP5	mei_GLEAN_10011939	29	expansion
AT4G16950.1_RPP5	mei_GLEAN_10013506	2	expansion
AT4G16950.1_RPP5	mei_GLEAN_10014754	2	expansion
AT4G16950.1_RPP5	mei_GLEAN_10017160	69	unchange
AT4G16950.1_RPP5	mei_GLEAN_10019200	29	expansion
AT4G16950.1_RPP5	mei_GLEAN_10019815	2	expansion
AT4G16950.1_RPP5	mei_GLEAN_10020508	2	expansion
AT4G16950.1_RPP5	mei_GLEAN_10021082	2	expansion
AT4G16950.1_RPP5	mei_GLEAN_10021260	29	expansion
AT4G16950.1_RPP5	mei_GLEAN_10021261	29	expansion
AT4G16950.1_RPP5	mei_GLEAN_10024557	3	expansion
AT4G16950.1_RPP5	mei_GLEAN_10026353	3	expansion
AT4G39030.1_EDS5	mei_GLEAN_10024232	2218	unchange
AT4G39030.1_EDS5	mei_GLEAN_10024234	2218	unchange
AT5G05580.1_FAD8	mei_GLEAN_10012260	15933	unchange
AT5G05580.1_FAD8	mei_GLEAN_10012261	17589	unchange
AT5G05580.1_FAD8	mei_GLEAN_10014611	1167	unchange
AT5G05580.1_FAD8	mei_GLEAN_10016553	3028	unchange
AT5G05580.1_FAD8	mei_GLEAN_10028222	1167	unchange
AT5G46330.1_Fls1	mei_GLEAN_10000819	9	expansion
AT5G46330.1_Fls1	mei_GLEAN_10000968	64	expansion
AT5G46330.1_Fls1	mei_GLEAN_10001370	64	expansion
AT5G46330.1_Fls1	mei_GLEAN_10002652	4	contraction
AT5G46330.1_Fls1	mei_GLEAN_10002762	4	contraction
AT5G46330.1_Fls1	mei_GLEAN_10003267	4	contraction
AT5G46330.1_Fls1	mei_GLEAN_10003950	9	expansion
AT5G46330.1_Fls1	mei_GLEAN_10004699	64	expansion
AT5G46330.1_Fls1	mei_GLEAN_10004739	1174	expansion
AT5G46330.1_Fls1	mei_GLEAN_10004945	8	contraction
AT5G46330.1_Fls1	mei_GLEAN_10006008	64	expansion
AT5G46330.1_Fls1	mei_GLEAN_10006144	437	unchange
AT5G46330.1_Fls1	mei_GLEAN_10007262	9	expansion
AT5G46330.1_Fls1	mei_GLEAN_10007363	64	expansion
AT5G46330.1_Fls1	mei_GLEAN_10007881	4	contraction
AT5G46330.1_Fls1	mei_GLEAN_10007913	653	unchange
AT5G46330.1_Fls1	mei_GLEAN_10008470	9	expansion
AT5G46330.1_Fls1	mei_GLEAN_10008702	8	contraction
AT5G46330.1_Fls1	mei_GLEAN_10008703	8	contraction
AT5G46330.1_Fls1	mei_GLEAN_10008704	8	contraction
AT5G46330.1_Fls1	mei_GLEAN_10008708	8	contraction
AT5G46330.1_Fls1	mei_GLEAN_10009381	437	unchange
AT5G46330.1_Fls1	mei_GLEAN_10010506	8	contraction
AT5G46330.1_Fls1	mei_GLEAN_10011300	64	expansion
AT5G46330.1_Fls1	mei_GLEAN_10011303	64	expansion
AT5G46330.1_Fls1	mei_GLEAN_10011306	64	expansion
AT5G46330.1_Fls1	mei_GLEAN_10011308	64	expansion
AT5G46330.1_Fls1	mei_GLEAN_10011319	64	expansion
AT5G46330.1_Fls1	mei_GLEAN_10011322	64	expansion
AT5G46330.1_Fls1	mei_GLEAN_10011746	8	contraction
AT5G46330.1_Fls1	mei_GLEAN_10011747	8	contraction
AT5G46330.1_Fls1	mei_GLEAN_10011748	8	contraction
AT5G46330.1_Fls1	mei_GLEAN_10012911	64	expansion
AT5G46330.1_Fls1	mei_GLEAN_10013118	8	contraction
AT5G46330.1_Fls1	mei_GLEAN_10013456	4	contraction
AT5G46330.1_Fls1	mei_GLEAN_10013520	4	contraction
AT5G46330.1_Fls1	mei_GLEAN_10013600	9	expansion
AT5G46330.1_Fls1	mei_GLEAN_10014569	8	contraction
AT5G46330.1_Fls1	mei_GLEAN_10014572	8	contraction
AT5G46330.1_Fls1	mei_GLEAN_10014577	8	contraction
AT5G46330.1_Fls1	mei_GLEAN_10014820	64	expansion
AT5G46330.1_Fls1	mei_GLEAN_10015078	4	contraction
AT5G46330.1_Fls1	mei_GLEAN_10015272	3191	unchange
AT5G46330.1_Fls1	mei_GLEAN_10015751	4	contraction
AT5G46330.1_Fls1	mei_GLEAN_10015958	4	contraction
AT5G46330.1_Fls1	mei_GLEAN_10016076	4	contraction
AT5G46330.1_Fls1	mei_GLEAN_10016077	4	contraction
AT5G46330.1_Fls1	mei_GLEAN_10016084	4	contraction
AT5G46330.1_Fls1	mei_GLEAN_10016363	318	unchange
AT5G46330.1_Fls1	mei_GLEAN_10016823	318	unchange
AT5G46330.1_Fls1	mei_GLEAN_10019068	9	expansion
AT5G46330.1_Fls1	mei_GLEAN_10019148	4	contraction
AT5G46330.1_Fls1	mei_GLEAN_10019163	4	contraction
AT5G46330.1_Fls1	mei_GLEAN_10019496	8	contraction
AT5G46330.1_Fls1	mei_GLEAN_10019497	8	contraction
AT5G46330.1_Fls1	mei_GLEAN_10020106	9	expansion
AT5G46330.1_Fls1	mei_GLEAN_10020149	4	contraction
AT5G46330.1_Fls1	mei_GLEAN_10020230	8	contraction
AT5G46330.1_Fls1	mei_GLEAN_10020235	8	contraction
AT5G46330.1_Fls1	mei_GLEAN_10020662	64	expansion
AT5G46330.1_Fls1	mei_GLEAN_10020677	64	expansion
AT5G46330.1_Fls1	mei_GLEAN_10020833	9	expansion
AT5G46330.1_Fls1	mei_GLEAN_10021064	936	unchange
AT5G46330.1_Fls1	mei_GLEAN_10021675	936	unchange
AT5G46330.1_Fls1	mei_GLEAN_10022515	4	contraction
AT5G46330.1_Fls1	mei_GLEAN_10022696	8	contraction
AT5G46330.1_Fls1	mei_GLEAN_10022697	8	contraction
AT5G46330.1_Fls1	mei_GLEAN_10022701	8	contraction
AT5G46330.1_Fls1	mei_GLEAN_10024011	729	unchange
AT5G46330.1_Fls1	mei_GLEAN_10025049	3348	unchange
AT5G46330.1_Fls1	mei_GLEAN_10025126	1319	unchange
AT5G46330.1_Fls1	mei_GLEAN_10025165	8	contraction
AT5G46330.1_Fls1	mei_GLEAN_10025360	4	contraction
AT5G46330.1_Fls1	mei_GLEAN_10025382	4	contraction
AT5G46330.1_Fls1	mei_GLEAN_10026421	4	contraction
AT5G46330.1_Fls1	mei_GLEAN_10027004	8	contraction
AT5G46330.1_Fls1	mei_GLEAN_10027006	8	contraction
AT5G46330.1_Fls1	mei_GLEAN_10027067	171	expansion
AT5G46330.1_Fls1	mei_GLEAN_10027559	9	expansion
AT5G46330.1_Fls1	mei_GLEAN_10027560	9	expansion
AT5G46330.1_Fls1	mei_GLEAN_10027562	9	expansion
AT5G46330.1_Fls1	mei_GLEAN_10027563	9	expansion
AT5G46330.1_Fls1	mei_GLEAN_10027564	9	expansion
AT5G46330.1_Fls1	mei_GLEAN_10027566	9	expansion
AT5G46330.1_Fls1	mei_GLEAN_10028093	1319	unchange
AT5G46330.1_Fls1	mei_GLEAN_10028482	9	expansion
AT5G46330.1_Fls1	mei_GLEAN_10028613	9	expansion
AT5G46330.1_Fls1	mei_GLEAN_10028615	9	expansion
AT5G46330.1_Fls1	mei_GLEAN_10028620	9	expansion
AT5G46330.1_Fls1	mei_GLEAN_10028623	9	expansion
AT5G46330.1_Fls1	mei_GLEAN_10028625	9	expansion
AT5G46330.1_Fls1	mei_GLEAN_10028641	4	contraction
AT5G46330.1_Fls1	mei_GLEAN_10029170	1041	contraction
AT5G46330.1_Fls1	mei_GLEAN_10029800	437	unchange
AT5G46330.1_Fls1	mei_GLEAN_10030634	729	unchange
AT5G51630.1_Hml	mei_GLEAN_10000387	3	expansion
AT5G51630.1_Hml	mei_GLEAN_10000565	2	expansion
AT5G51630.1_Hml	mei_GLEAN_10001227	2	expansion
AT5G51630.1_Hml	mei_GLEAN_10001677	2	expansion
AT5G51630.1_Hml	mei_GLEAN_10001800	3	expansion
AT5G51630.1_Hml	mei_GLEAN_10002106	3	expansion
AT5G51630.1_Hml	mei_GLEAN_10002206	2	expansion
AT5G51630.1_Hml	mei_GLEAN_10002222	3	expansion
AT5G51630.1_Hml	mei_GLEAN_10002296	2	expansion
AT5G51630.1_Hml	mei_GLEAN_10002507	2	expansion
AT5G51630.1_Hml	mei_GLEAN_10002628	3	expansion
AT5G51630.1_Hml	mei_GLEAN_10002694	3	expansion
AT5G51630.1_Hml	mei_GLEAN_10002696	3	expansion
AT5G51630.1_Hml	mei_GLEAN_10002698	3	expansion
AT5G51630.1_Hml	mei_GLEAN_10003565	2	expansion
AT5G51630.1_Hml	mei_GLEAN_10004251	3	expansion
AT5G51630.1_Hml	mei_GLEAN_10004900	2	expansion
AT5G51630.1_Hml	mei_GLEAN_10004901	2	expansion
AT5G51630.1_Hml	mei_GLEAN_10005356	2	expansion
AT5G51630.1_Hml	mei_GLEAN_10005849	2	expansion
AT5G51630.1_Hml	mei_GLEAN_10005994	2	expansion
AT5G51630.1_Hml	mei_GLEAN_10005997	2	expansion
AT5G51630.1_Hml	mei_GLEAN_10006597	2	expansion
AT5G51630.1_Hml	mei_GLEAN_10006607	2	expansion
AT5G51630.1_Hml	mei_GLEAN_10006612	2	expansion
AT5G51630.1_Hml	mei_GLEAN_10006618	2	expansion
AT5G51630.1_Hml	mei_GLEAN_10006693	29	expansion
AT5G51630.1_Hml	mei_GLEAN_10006696	29	expansion
AT5G51630.1_Hml	mei_GLEAN_10006735	29	expansion
AT5G51630.1_Hml	mei_GLEAN_10006882	2	expansion
AT5G51630.1_Hml	mei_GLEAN_10006890	2	expansion
AT5G51630.1_Hml	mei_GLEAN_10007193	404	unchange
AT5G51630.1_Hml	mei_GLEAN_10007194	2	expansion
AT5G51630.1_Hml	mei_GLEAN_10007200	2	expansion
AT5G51630.1_Hml	mei_GLEAN_10007863	2	expansion
AT5G51630.1_Hml	mei_GLEAN_10007866	2	expansion
AT5G51630.1_Hml	mei_GLEAN_10007867	2	expansion
AT5G51630.1_Hml	mei_GLEAN_10008993	2	expansion
AT5G51630.1_Hml	mei_GLEAN_10008998	2	expansion
AT5G51630.1_Hml	mei_GLEAN_10008999	2	expansion
AT5G51630.1_Hml	mei_GLEAN_10010108	2	expansion
AT5G51630.1_Hml	mei_GLEAN_10010794	3	expansion
AT5G51630.1_Hml	mei_GLEAN_10010810	2	expansion
AT5G51630.1_Hml	mei_GLEAN_10010993	2	expansion
AT5G51630.1_Hml	mei_GLEAN_10011007	2	expansion
AT5G51630.1_Hml	mei_GLEAN_10011008	2	expansion
AT5G51630.1_Hml	mei_GLEAN_10011939	29	expansion
AT5G51630.1_Hml	mei_GLEAN_10013483	2	expansion
AT5G51630.1_Hml	mei_GLEAN_10013490	2	expansion
AT5G51630.1_Hml	mei_GLEAN_10013492	2	expansion
AT5G51630.1_Hml	mei_GLEAN_10013496	2	expansion
AT5G51630.1_Hml	mei_GLEAN_10013506	2	expansion
AT5G51630.1_Hml	mei_GLEAN_10013509	2	expansion
AT5G51630.1_Hml	mei_GLEAN_10014754	2	expansion
AT5G51630.1_Hml	mei_GLEAN_10014765	2	expansion
AT5G51630.1_Hml	mei_GLEAN_10014783	29	expansion
AT5G51630.1_Hml	mei_GLEAN_10015373	29	expansion
AT5G51630.1_Hml	mei_GLEAN_10015494	3	expansion
AT5G51630.1_Hml	mei_GLEAN_10015583	2	expansion
AT5G51630.1_Hml	mei_GLEAN_10015584	2	expansion
AT5G51630.1_Hml	mei_GLEAN_10015673	3	expansion
AT5G51630.1_Hml	mei_GLEAN_10015674	3	expansion
AT5G51630.1_Hml	mei_GLEAN_10015737	29	expansion
AT5G51630.1_Hml	mei_GLEAN_10015738	29	expansion
AT5G51630.1_Hml	mei_GLEAN_10015739	29	expansion
AT5G51630.1_Hml	mei_GLEAN_10015743	29	expansion
AT5G51630.1_Hml	mei_GLEAN_10017160	69	unchange
AT5G51630.1_Hml	mei_GLEAN_10017566	3	expansion
AT5G51630.1_Hml	mei_GLEAN_10018220	29	expansion
AT5G51630.1_Hml	mei_GLEAN_10018705	2	expansion
AT5G51630.1_Hml	mei_GLEAN_10018706	2	expansion
AT5G51630.1_Hml	mei_GLEAN_10018775	2	expansion
AT5G51630.1_Hml	mei_GLEAN_10019200	29	expansion
AT5G51630.1_Hml	mei_GLEAN_10019227	29	expansion
AT5G51630.1_Hml	mei_GLEAN_10019229	29	expansion
AT5G51630.1_Hml	mei_GLEAN_10019757	3	expansion
AT5G51630.1_Hml	mei_GLEAN_10019814	2	expansion
AT5G51630.1_Hml	mei_GLEAN_10019815	2	expansion
AT5G51630.1_Hml	mei_GLEAN_10019819	2	expansion
AT5G51630.1_Hml	mei_GLEAN_10019874	3	expansion
AT5G51630.1_Hml	mei_GLEAN_10020508	2	expansion
AT5G51630.1_Hml	mei_GLEAN_10020513	2	expansion
AT5G51630.1_Hml	mei_GLEAN_10020514	2	expansion
AT5G51630.1_Hml	mei_GLEAN_10020515	2	expansion
AT5G51630.1_Hml	mei_GLEAN_10020711	3	expansion
AT5G51630.1_Hml	mei_GLEAN_10021082	2	expansion
AT5G51630.1_Hml	mei_GLEAN_10021234	2	expansion
AT5G51630.1_Hml	mei_GLEAN_10021238	2	expansion
AT5G51630.1_Hml	mei_GLEAN_10021249	2	expansion
AT5G51630.1_Hml	mei_GLEAN_10021260	29	expansion
AT5G51630.1_Hml	mei_GLEAN_10021261	29	expansion
AT5G51630.1_Hml	mei_GLEAN_10024553	3	expansion
AT5G51630.1_Hml	mei_GLEAN_10024560	3	expansion
AT5G51630.1_Hml	mei_GLEAN_10024749	69	unchange
AT5G51630.1_Hml	mei_GLEAN_10024754	69	unchange
AT5G51630.1_Hml	mei_GLEAN_10026314	3	expansion
AT5G51630.1_Hml	mei_GLEAN_10026317	3	expansion
AT5G51630.1_Hml	mei_GLEAN_10026350	3	expansion
AT5G51630.1_Hml	mei_GLEAN_10026353	3	expansion
AT5G51630.1_Hml	mei_GLEAN_10026370	3	expansion
AY849382_R3a	mei_GLEAN_10000748	54	expansion
AY849382_R3a	mei_GLEAN_10001165	7	expansion
AY849382_R3a	mei_GLEAN_10001300	7	expansion
AY849382_R3a	mei_GLEAN_10001303	7	expansion
AY849382_R3a	mei_GLEAN_10001685	7	expansion
AY849382_R3a	mei_GLEAN_10001688	7	expansion
AY849382_R3a	mei_GLEAN_10003139	7	expansion
AY849382_R3a	mei_GLEAN_10003845	54	expansion
AY849382_R3a	mei_GLEAN_10006250	54	expansion
AY849382_R3a	mei_GLEAN_10006979	24	unchange
AY849382_R3a	mei_GLEAN_10007280	7	expansion
AY849382_R3a	mei_GLEAN_10007283	7	expansion
AY849382_R3a	mei_GLEAN_10007997	7	expansion
AY849382_R3a	mei_GLEAN_10008254	7	expansion
AY849382_R3a	mei_GLEAN_10008663	7	expansion
AY849382_R3a	mei_GLEAN_10008691	7	expansion
AY849382_R3a	mei_GLEAN_10008697	7	expansion
AY849382_R3a	mei_GLEAN_10009860	7	expansion
AY849382_R3a	mei_GLEAN_10009862	7	expansion
AY849382_R3a	mei_GLEAN_10009864	7	expansion
AY849382_R3a	mei_GLEAN_10009870	7	expansion
AY849382_R3a	mei_GLEAN_10009890	7	expansion
AY849382_R3a	mei_GLEAN_10010127	24	unchange
AY849382_R3a	mei_GLEAN_10010430	7	expansion
AY849382_R3a	mei_GLEAN_10010440	7	expansion
AY849382_R3a	mei_GLEAN_10010795	24	unchange
AY849382_R3a	mei_GLEAN_10012222	7	expansion
AY849382_R3a	mei_GLEAN_10012234	7	expansion
AY849382_R3a	mei_GLEAN_10013445	54	expansion
AY849382_R3a	mei_GLEAN_10018196	54	expansion
AY849382_R3a	mei_GLEAN_10018198	54	expansion
AY849382_R3a	mei_GLEAN_10018200	54	expansion
AY849382_R3a	mei_GLEAN_10018582	7	expansion
AY849382_R3a	mei_GLEAN_10018618	24	unchange
AY849382_R3a	mei_GLEAN_10018619	24	unchange
AY849382_R3a	mei_GLEAN_10021278	24	unchange
AY849382_R3a	mei_GLEAN_10021279	24	unchange
AY849382_R3a	mei_GLEAN_10023845	12354	expansion
AY849382_R3a	mei_GLEAN_10023850	12354	expansion
DQ019172_Pto	mei_GLEAN_10000392	502	unchange
DQ019172_Pto	mei_GLEAN_10000444	266	unchange
DQ019172_Pto	mei_GLEAN_10000734	15	contraction
DQ019172_Pto	mei_GLEAN_10001621	7697	unchange
DQ019172_Pto	mei_GLEAN_10001693	15	contraction
DQ019172_Pto	mei_GLEAN_10001694	15	contraction
DQ019172_Pto	mei_GLEAN_10001696	15	contraction
DQ019172_Pto	mei_GLEAN_10001735	96	contraction
DQ019172_Pto	mei_GLEAN_10001872	577	unchange
DQ019172_Pto	mei_GLEAN_10001885	7651	unchange
DQ019172_Pto	mei_GLEAN_10002134	25	expansion
DQ019172_Pto	mei_GLEAN_10002390	0	contraction
DQ019172_Pto	mei_GLEAN_10002728	3815	unchange
DQ019172_Pto	mei_GLEAN_10002892	12063	unchange
DQ019172_Pto	mei_GLEAN_10003176	14143	unchange
DQ019172_Pto	mei_GLEAN_10003177	429	unchange
DQ019172_Pto	mei_GLEAN_10003212	2817	unchange
DQ019172_Pto	mei_GLEAN_10003368	106	expansion
DQ019172_Pto	mei_GLEAN_10003963	176	unchange
DQ019172_Pto	mei_GLEAN_10004075	909	unchange
DQ019172_Pto	mei_GLEAN_10004098	4583	unchange
DQ019172_Pto	mei_GLEAN_10004117	6960	unchange
DQ019172_Pto	mei_GLEAN_10004503	1564	unchange
DQ019172_Pto	mei_GLEAN_10004688	2247	unchange
DQ019172_Pto	mei_GLEAN_10004986	171	expansion
DQ019172_Pto	mei_GLEAN_10005008	96	contraction
DQ019172_Pto	mei_GLEAN_10005017	96	contraction
DQ019172_Pto	mei_GLEAN_10005134	1540	unchange
DQ019172_Pto	mei_GLEAN_10005187	16270	unchange
DQ019172_Pto	mei_GLEAN_10005313	6616	unchange
DQ019172_Pto	mei_GLEAN_10005455	77	contraction
DQ019172_Pto	mei_GLEAN_10005458	uncluster	uncluster
DQ019172_Pto	mei_GLEAN_10005468	77	contraction
DQ019172_Pto	mei_GLEAN_10005648	12742	unchange
DQ019172_Pto	mei_GLEAN_10005907	13	expansion
DQ019172_Pto	mei_GLEAN_10006034	15	contraction
DQ019172_Pto	mei_GLEAN_10006035	15	contraction
DQ019172_Pto	mei_GLEAN_10006039	15	contraction
DQ019172_Pto	mei_GLEAN_10006042	15	contraction
DQ019172_Pto	mei_GLEAN_10006207	15	contraction
DQ019172_Pto	mei_GLEAN_10006208	15	contraction
DQ019172_Pto	mei_GLEAN_10006211	15	contraction
DQ019172_Pto	mei_GLEAN_10006456	13	expansion
DQ019172_Pto	mei_GLEAN_10006731	3606	unchange
DQ019172_Pto	mei_GLEAN_10006805	77	contraction
DQ019172_Pto	mei_GLEAN_10007082	539	unchange
DQ019172_Pto	mei_GLEAN_10007122	86	expansion
DQ019172_Pto	mei_GLEAN_10007604	4501	unchange
DQ019172_Pto	mei_GLEAN_10007777	16320	unchange
DQ019172_Pto	mei_GLEAN_10007910	13	expansion
DQ019172_Pto	mei_GLEAN_10007920	86	expansion
DQ019172_Pto	mei_GLEAN_10007932	86	expansion
DQ019172_Pto	mei_GLEAN_10007934	86	expansion
DQ019172_Pto	mei_GLEAN_10007935	86	expansion
DQ019172_Pto	mei_GLEAN_10007938	86	expansion
DQ019172_Pto	mei_GLEAN_10007940	86	expansion
DQ019172_Pto	mei_GLEAN_10008150	13	expansion
DQ019172_Pto	mei_GLEAN_10008214	12696	unchange
DQ019172_Pto	mei_GLEAN_10008301	14515	unchange
DQ019172_Pto	mei_GLEAN_10008606	176	unchange
DQ019172_Pto	mei_GLEAN_10008607	176	unchange
DQ019172_Pto	mei_GLEAN_10009025	462	contraction
DQ019172_Pto	mei_GLEAN_10009179	3566	unchange
DQ019172_Pto	mei_GLEAN_10009283	6329	unchange
DQ019172_Pto	mei_GLEAN_10009541	14491	unchange
DQ019172_Pto	mei_GLEAN_10009670	15	contraction
DQ019172_Pto	mei_GLEAN_10009671	15	contraction
DQ019172_Pto	mei_GLEAN_10009672	15	contraction
DQ019172_Pto	mei_GLEAN_10009757	2377	unchange
DQ019172_Pto	mei_GLEAN_10009993	266	unchange
DQ019172_Pto	mei_GLEAN_10009996	266	unchange
DQ019172_Pto	mei_GLEAN_10010567	2508	contraction
DQ019172_Pto	mei_GLEAN_10010748	9262	unchange
DQ019172_Pto	mei_GLEAN_10010776	209	unchange
DQ019172_Pto	mei_GLEAN_10010783	4209	unchange
DQ019172_Pto	mei_GLEAN_10011618	11583	unchange
DQ019172_Pto	mei_GLEAN_10012267	684	unchange
DQ019172_Pto	mei_GLEAN_10012321	1359	unchange
DQ019172_Pto	mei_GLEAN_10012901	1216	unchange
DQ019172_Pto	mei_GLEAN_10013184	1809	expansion
DQ019172_Pto	mei_GLEAN_10013185	1809	expansion
DQ019172_Pto	mei_GLEAN_10013247	13	expansion
DQ019172_Pto	mei_GLEAN_10013248	13	expansion
DQ019172_Pto	mei_GLEAN_10013251	13	expansion
DQ019172_Pto	mei_GLEAN_10013253	13	expansion
DQ019172_Pto	mei_GLEAN_10014090	7455	unchange
DQ019172_Pto	mei_GLEAN_10014105	3926	unchange
DQ019172_Pto	mei_GLEAN_10014384	1438	contraction
DQ019172_Pto	mei_GLEAN_10014413	1291	unchange
DQ019172_Pto	mei_GLEAN_10014582	3165	contraction
DQ019172_Pto	mei_GLEAN_10014707	3052	unchange
DQ019172_Pto	mei_GLEAN_10014714	56	unchange
DQ019172_Pto	mei_GLEAN_10014716	56	unchange
DQ019172_Pto	mei_GLEAN_10014717	56	unchange
DQ019172_Pto	mei_GLEAN_10015151	1115	contraction
DQ019172_Pto	mei_GLEAN_10015280	13	expansion
DQ019172_Pto	mei_GLEAN_10015660	2200	unchange
DQ019172_Pto	mei_GLEAN_10015849	8545	unchange
DQ019172_Pto	mei_GLEAN_10015980	8733	unchange
DQ019172_Pto	mei_GLEAN_10016008	915	unchange
DQ019172_Pto	mei_GLEAN_10016049	77	contraction
DQ019172_Pto	mei_GLEAN_10016382	13	expansion
DQ019172_Pto	mei_GLEAN_10016395	462	contraction
DQ019172_Pto	mei_GLEAN_10016399	462	contraction
DQ019172_Pto	mei_GLEAN_10016426	7209	unchange
DQ019172_Pto	mei_GLEAN_10016434	266	unchange
DQ019172_Pto	mei_GLEAN_10016591	6890	unchange
DQ019172_Pto	mei_GLEAN_10016624	1095	unchange
DQ019172_Pto	mei_GLEAN_10016869	176	unchange
DQ019172_Pto	mei_GLEAN_10016895	2966	unchange
DQ019172_Pto	mei_GLEAN_10017430	1870	unchange
DQ019172_Pto	mei_GLEAN_10017709	0	contraction
DQ019172_Pto	mei_GLEAN_10017713	0	contraction
DQ019172_Pto	mei_GLEAN_10017738	14524	unchange
DQ019172_Pto	mei_GLEAN_10018063	11281	unchange
DQ019172_Pto	mei_GLEAN_10018443	3710	unchange
DQ019172_Pto	mei_GLEAN_10018513	14167	unchange
DQ019172_Pto	mei_GLEAN_10018597	25	expansion
DQ019172_Pto	mei_GLEAN_10018902	1998	unchange
DQ019172_Pto	mei_GLEAN_10019317	3748	unchange
DQ019172_Pto	mei_GLEAN_10019431	1870	unchange
DQ019172_Pto	mei_GLEAN_10019432	1870	unchange
DQ019172_Pto	mei_GLEAN_10019464	4291	unchange
DQ019172_Pto	mei_GLEAN_10019634	909	unchange
DQ019172_Pto	mei_GLEAN_10019795	3676	unchange
DQ019172_Pto	mei_GLEAN_10020047	5413	unchange
DQ019172_Pto	mei_GLEAN_10020074	429	unchange
DQ019172_Pto	mei_GLEAN_10020135	15	contraction
DQ019172_Pto	mei_GLEAN_10020283	1540	unchange
DQ019172_Pto	mei_GLEAN_10020335	77	contraction
DQ019172_Pto	mei_GLEAN_10020336	77	contraction
DQ019172_Pto	mei_GLEAN_10020726	9163	unchange
DQ019172_Pto	mei_GLEAN_10020836	86	expansion
DQ019172_Pto	mei_GLEAN_10020837	86	expansion
DQ019172_Pto	mei_GLEAN_10020840	86	expansion
DQ019172_Pto	mei_GLEAN_10020842	86	expansion
DQ019172_Pto	mei_GLEAN_10020843	86	expansion
DQ019172_Pto	mei_GLEAN_10020844	86	expansion
DQ019172_Pto	mei_GLEAN_10020845	86	expansion
DQ019172_Pto	mei_GLEAN_10020931	15	contraction
DQ019172_Pto	mei_GLEAN_10020938	15	contraction
DQ019172_Pto	mei_GLEAN_10020939	15	contraction
DQ019172_Pto	mei_GLEAN_10021128	1373	unchange
DQ019172_Pto	mei_GLEAN_10021604	1412	unchange
DQ019172_Pto	mei_GLEAN_10021608	1412	unchange
DQ019172_Pto	mei_GLEAN_10022483	7615	unchange
DQ019172_Pto	mei_GLEAN_10022596	1052	unchange
DQ019172_Pto	mei_GLEAN_10022631	209	unchange
DQ019172_Pto	mei_GLEAN_10022645	13	expansion
DQ019172_Pto	mei_GLEAN_10022646	13	expansion
DQ019172_Pto	mei_GLEAN_10022709	5272	unchange
DQ019172_Pto	mei_GLEAN_10022710	5275	unchange
DQ019172_Pto	mei_GLEAN_10022836	13	expansion
DQ019172_Pto	mei_GLEAN_10022862	5997	unchange
DQ019172_Pto	mei_GLEAN_10022991	1216	unchange
DQ019172_Pto	mei_GLEAN_10023021	5294	unchange
DQ019172_Pto	mei_GLEAN_10023556	15	contraction
DQ019172_Pto	mei_GLEAN_10023578	153	expansion
DQ019172_Pto	mei_GLEAN_10023783	429	unchange
DQ019172_Pto	mei_GLEAN_10023827	266	unchange
DQ019172_Pto	mei_GLEAN_10024141	10375	unchange
DQ019172_Pto	mei_GLEAN_10024276	13	expansion
DQ019172_Pto	mei_GLEAN_10024344	1626	unchange
DQ019172_Pto	mei_GLEAN_10024351	8898	unchange
DQ019172_Pto	mei_GLEAN_10024470	13	expansion
DQ019172_Pto	mei_GLEAN_10024522	0	contraction
DQ019172_Pto	mei_GLEAN_10024536	0	contraction
DQ019172_Pto	mei_GLEAN_10024568	4434	unchange
DQ019172_Pto	mei_GLEAN_10024578	9602	unchange
DQ019172_Pto	mei_GLEAN_10024796	340	unchange
DQ019172_Pto	mei_GLEAN_10024830	3094	unchange
DQ019172_Pto	mei_GLEAN_10025049	3348	unchange
DQ019172_Pto	mei_GLEAN_10025126	1319	unchange
DQ019172_Pto	mei_GLEAN_10025327	86	expansion
DQ019172_Pto	mei_GLEAN_10025337	1648	unchange
DQ019172_Pto	mei_GLEAN_10025349	5202	unchange
DQ019172_Pto	mei_GLEAN_10025452	13	expansion
DQ019172_Pto	mei_GLEAN_10025536	17808	unchange
DQ019172_Pto	mei_GLEAN_10025602	15024	unchange
DQ019172_Pto	mei_GLEAN_10025994	14183	unchange
DQ019172_Pto	mei_GLEAN_10026002	13	expansion
DQ019172_Pto	mei_GLEAN_10026023	11892	unchange
DQ019172_Pto	mei_GLEAN_10026026	56	unchange
DQ019172_Pto	mei_GLEAN_10026027	56	unchange
DQ019172_Pto	mei_GLEAN_10026149	56	unchange
DQ019172_Pto	mei_GLEAN_10026150	56	unchange
DQ019172_Pto	mei_GLEAN_10026153	56	unchange
DQ019172_Pto	mei_GLEAN_10026161	56	unchange
DQ019172_Pto	mei_GLEAN_10026165	56	unchange
DQ019172_Pto	mei_GLEAN_10026166	56	unchange
DQ019172_Pto	mei_GLEAN_10026167	56	unchange
DQ019172_Pto	mei_GLEAN_10026168	56	unchange
DQ019172_Pto	mei_GLEAN_10026169	56	unchange
DQ019172_Pto	mei_GLEAN_10026171	56	unchange
DQ019172_Pto	mei_GLEAN_10026172	56	unchange
DQ019172_Pto	mei_GLEAN_10026232	77	contraction
DQ019172_Pto	mei_GLEAN_10026235	77	contraction
DQ019172_Pto	mei_GLEAN_10026247	870	unchange
DQ019172_Pto	mei_GLEAN_10026384	502	unchange
DQ019172_Pto	mei_GLEAN_10026389	502	unchange
DQ019172_Pto	mei_GLEAN_10026419	3200	unchange
DQ019172_Pto	mei_GLEAN_10026725	3188	unchange
DQ019172_Pto	mei_GLEAN_10026728	3188	unchange
DQ019172_Pto	mei_GLEAN_10026861	106	expansion
DQ019172_Pto	mei_GLEAN_10026865	106	expansion
DQ019172_Pto	mei_GLEAN_10026869	2817	unchange
DQ019172_Pto	mei_GLEAN_10026880	106	expansion
DQ019172_Pto	mei_GLEAN_10026925	12302	unchange
DQ019172_Pto	mei_GLEAN_10027049	1724	unchange
DQ019172_Pto	mei_GLEAN_10027169	1537	unchange
DQ019172_Pto	mei_GLEAN_10027286	915	unchange
DQ019172_Pto	mei_GLEAN_10027400	4702	unchange
DQ019172_Pto	mei_GLEAN_10027434	1159	expansion
DQ019172_Pto	mei_GLEAN_10027458	6076	unchange
DQ019172_Pto	mei_GLEAN_10027755	65	expansion
DQ019172_Pto	mei_GLEAN_10027756	65	expansion
DQ019172_Pto	mei_GLEAN_10027758	65	expansion
DQ019172_Pto	mei_GLEAN_10027761	65	expansion
DQ019172_Pto	mei_GLEAN_10027923	1073	unchange
DQ019172_Pto	mei_GLEAN_10028086	14526	unchange
DQ019172_Pto	mei_GLEAN_10028214	684	unchange
DQ019172_Pto	mei_GLEAN_10028361	7948	unchange
DQ019172_Pto	mei_GLEAN_10028676	539	unchange
DQ019172_Pto	mei_GLEAN_10028775	1749	contraction
DQ019172_Pto	mei_GLEAN_10028787	10648	unchange
DQ019172_Pto	mei_GLEAN_10028898	2266	contraction
DQ019172_Pto	mei_GLEAN_10028962	1073	unchange
DQ019172_Pto	mei_GLEAN_10029263	1052	unchange
DQ019172_Pto	mei_GLEAN_10029396	12395	unchange
DQ019172_Pto	mei_GLEAN_10029624	4291	unchange
DQ019172_Pto	mei_GLEAN_10029775	176	unchange
DQ019172_Pto	mei_GLEAN_10029844	171	expansion
DQ019172_Pto	mei_GLEAN_10030280	939	unchange
DQ019172_Pto	mei_GLEAN_10030342	14253	unchange
DQ019172_Pto	mei_GLEAN_10030440	340	unchange
DQ019172_Pto	mei_GLEAN_10030463	340	unchange
DQ019172_Pto	mei_GLEAN_10030659	13	expansion
DQ019172_Pto	mei_GLEAN_10030663	13	expansion
DQ019172_Pto	mei_GLEAN_10030665	13	expansion
DQ019172_Pto	mei_GLEAN_10030666	13	expansion
DQ019172_Pto	mei_GLEAN_10030670	13	expansion
DQ019172_Pto	mei_GLEAN_10030674	uncluster	uncluster
DQ019172_Pto	mei_GLEAN_10030678	13	expansion
DQ019172_Pto	mei_GLEAN_10030679	13	expansion
DQ019172_Pto	mei_GLEAN_10030681	13	expansion
DQ019172_Pto	mei_GLEAN_10030683	13	expansion
DQ019172_Pto	mei_GLEAN_10030685	13	expansion
DQ019172_Pto	mei_GLEAN_10030686	13	expansion
