AB086103_IEMT	mei_GLEAN_10000553	12909	unchange
AB086103_IEMT	mei_GLEAN_10001788	651	expansion
AB086103_IEMT	mei_GLEAN_10004283	651	expansion
AB086103_IEMT	mei_GLEAN_10004290	651	expansion
AB086103_IEMT	mei_GLEAN_10011130	24451	unchange
AB086103_IEMT	mei_GLEAN_10011131	2050	unchange
AB086103_IEMT	mei_GLEAN_10014871	23681	unchange
AB086103_IEMT	mei_GLEAN_10017189	409	unchange
AB086103_IEMT	mei_GLEAN_10019244	565	expansion
AB086103_IEMT	mei_GLEAN_10019249	565	expansion
AB086103_IEMT	mei_GLEAN_10019251	565	expansion
AB086103_IEMT	mei_GLEAN_10019252	565	expansion
AB086103_IEMT	mei_GLEAN_10019256	565	expansion
AB086103_IEMT	mei_GLEAN_10021519	409	unchange
AB086103_IEMT	mei_GLEAN_10021521	409	unchange
AB086103_IEMT	mei_GLEAN_10021523	uncluster	uncluster
AB086103_IEMT	mei_GLEAN_10021528	409	unchange
AB086103_IEMT	mei_GLEAN_10024156	10424	unchange
AB086103_IEMT	mei_GLEAN_10025817	1716	unchange
AB086103_IEMT	mei_GLEAN_10027492	5217	unchange
AB121046_POMT	mei_GLEAN_10000553	12909	unchange
AB121046_POMT	mei_GLEAN_10001788	651	expansion
AB121046_POMT	mei_GLEAN_10004283	651	expansion
AB121046_POMT	mei_GLEAN_10004290	651	expansion
AB121046_POMT	mei_GLEAN_10011130	24451	unchange
AB121046_POMT	mei_GLEAN_10011131	2050	unchange
AB121046_POMT	mei_GLEAN_10014871	23681	unchange
AB121046_POMT	mei_GLEAN_10017189	409	unchange
AB121046_POMT	mei_GLEAN_10019244	565	expansion
AB121046_POMT	mei_GLEAN_10019249	565	expansion
AB121046_POMT	mei_GLEAN_10019250	565	expansion
AB121046_POMT	mei_GLEAN_10019251	565	expansion
AB121046_POMT	mei_GLEAN_10019252	565	expansion
AB121046_POMT	mei_GLEAN_10019256	565	expansion
AB121046_POMT	mei_GLEAN_10021519	409	unchange
AB121046_POMT	mei_GLEAN_10021521	409	unchange
AB121046_POMT	mei_GLEAN_10021523	uncluster	uncluster
AB121046_POMT	mei_GLEAN_10021528	409	unchange
AB121046_POMT	mei_GLEAN_10024156	10424	unchange
AB121046_POMT	mei_GLEAN_10025817	1716	unchange
AB121046_POMT	mei_GLEAN_10027492	5217	unchange
AF043464_BEAT	mei_GLEAN_10003415	6475	expansion
AF043464_BEAT	mei_GLEAN_10006520	6370	unchange
AF043464_BEAT	mei_GLEAN_10017833	6475	expansion
AF043464_BEAT	mei_GLEAN_10017834	10257	expansion
AF043464_BEAT	mei_GLEAN_10017838	10257	expansion
AF043464_BEAT	mei_GLEAN_10017840	18040	unchange
AF043464_BEAT	mei_GLEAN_10017846	6475	expansion
AF043464_BEAT	mei_GLEAN_10017850	6475	expansion
AF043464_BEAT	mei_GLEAN_10017854	4509	unchange
AF043464_BEAT	mei_GLEAN_10017855	4509	unchange
AF043464_BEAT	mei_GLEAN_10023479	16238	expansion
AF043464_BEAT	mei_GLEAN_10023481	17747	expansion
AF043464_BEAT	mei_GLEAN_10023483	17882	unchange
AF043464_BEAT	mei_GLEAN_10023484	16820	expansion
AF043464_BEAT	mei_GLEAN_10023485	16820	expansion
AF043464_BEAT	mei_GLEAN_10023488	16820	expansion
AF043464_BEAT	mei_GLEAN_10023495	24910	expansion
AF043464_BEAT	mei_GLEAN_10023496	24910	expansion
AF043464_BEAT	mei_GLEAN_10023499	18010	expansion
AF043464_BEAT	mei_GLEAN_10023503	16238	expansion
AF043464_BEAT	mei_GLEAN_10023505	16238	expansion
AF198492_BAMT	mei_GLEAN_10004348	1399	unchange
AF198492_BAMT	mei_GLEAN_10007420	12580	unchange
AF198492_BAMT	mei_GLEAN_10010081	1399	unchange
AF198492_BAMT	mei_GLEAN_10010083	1399	unchange
AF198492_BAMT	mei_GLEAN_10011529	14343	unchange
AF198492_BAMT	mei_GLEAN_10018856	17832	unchange
AF198492_BAMT	mei_GLEAN_10018858	2836	expansion
AF198492_BAMT	mei_GLEAN_10018859	2836	expansion
AF198492_BAMT	mei_GLEAN_10018860	21651	unchange
AF198492_BAMT	mei_GLEAN_10018861	2836	expansion
AF198492_BAMT	mei_GLEAN_10018863	2836	expansion
AF198492_BAMT	mei_GLEAN_10024301	561	contraction
AF198492_BAMT	mei_GLEAN_10024304	561	contraction
AF198492_BAMT	mei_GLEAN_10027827	3790	unchange
AF198492_BAMT	mei_GLEAN_10027828	14947	unchange
AF198492_BAMT	mei_GLEAN_10029094	8535	unchange
AF198492_BAMT	mei_GLEAN_10029759	5712	unchange
AF198492_BAMT	mei_GLEAN_10029868	3836	unchange
AF502434_OOMT	mei_GLEAN_10000553	12909	unchange
AF502434_OOMT	mei_GLEAN_10001788	651	expansion
AF502434_OOMT	mei_GLEAN_10004283	651	expansion
AF502434_OOMT	mei_GLEAN_10004290	651	expansion
AF502434_OOMT	mei_GLEAN_10004291	651	expansion
AF502434_OOMT	mei_GLEAN_10011130	24451	unchange
AF502434_OOMT	mei_GLEAN_10011131	2050	unchange
AF502434_OOMT	mei_GLEAN_10017189	409	unchange
AF502434_OOMT	mei_GLEAN_10019244	565	expansion
AF502434_OOMT	mei_GLEAN_10019249	565	expansion
AF502434_OOMT	mei_GLEAN_10019250	565	expansion
AF502434_OOMT	mei_GLEAN_10019251	565	expansion
AF502434_OOMT	mei_GLEAN_10019252	565	expansion
AF502434_OOMT	mei_GLEAN_10019256	565	expansion
AF502434_OOMT	mei_GLEAN_10021519	409	unchange
AF502434_OOMT	mei_GLEAN_10021521	409	unchange
AF502434_OOMT	mei_GLEAN_10021523	uncluster	uncluster
AF502434_OOMT	mei_GLEAN_10021528	409	unchange
AF502434_OOMT	mei_GLEAN_10025817	1716	unchange
AF502434_OOMT	mei_GLEAN_10027492	5217	unchange
AF514286_gamma-terpinene-synthase	mei_GLEAN_10000430	868	unchange
AF514286_gamma-terpinene-synthase	mei_GLEAN_10000431	14664	expansion
AF514286_gamma-terpinene-synthase	mei_GLEAN_10000493	119	expansion
AF514286_gamma-terpinene-synthase	mei_GLEAN_10001955	119	expansion
AF514286_gamma-terpinene-synthase	mei_GLEAN_10001959	119	expansion
AF514286_gamma-terpinene-synthase	mei_GLEAN_10002975	119	expansion
AF514286_gamma-terpinene-synthase	mei_GLEAN_10002979	119	expansion
AF514286_gamma-terpinene-synthase	mei_GLEAN_10002983	119	expansion
AF514286_gamma-terpinene-synthase	mei_GLEAN_10004059	119	expansion
AF514286_gamma-terpinene-synthase	mei_GLEAN_10004062	119	expansion
AF514286_gamma-terpinene-synthase	mei_GLEAN_10011580	119	expansion
AF514286_gamma-terpinene-synthase	mei_GLEAN_10016887	119	expansion
AF514286_gamma-terpinene-synthase	mei_GLEAN_10017279	4075	unchange
AF514286_gamma-terpinene-synthase	mei_GLEAN_10017280	4075	unchange
AF514286_gamma-terpinene-synthase	mei_GLEAN_10017732	868	unchange
AF514286_gamma-terpinene-synthase	mei_GLEAN_10017733	14664	expansion
AF514286_gamma-terpinene-synthase	mei_GLEAN_10017737	2870	unchange
AF514286_gamma-terpinene-synthase	mei_GLEAN_10019107	2870	unchange
AF514286_gamma-terpinene-synthase	mei_GLEAN_10019110	2870	unchange
AF514286_gamma-terpinene-synthase	mei_GLEAN_10024500	119	expansion
AF514286_gamma-terpinene-synthase	mei_GLEAN_10024526	119	expansion
AJ304452_germacrene	mei_GLEAN_10000430	868	unchange
AJ304452_germacrene	mei_GLEAN_10000431	14664	expansion
AJ304452_germacrene	mei_GLEAN_10000493	119	expansion
AJ304452_germacrene	mei_GLEAN_10001955	119	expansion
AJ304452_germacrene	mei_GLEAN_10001959	119	expansion
AJ304452_germacrene	mei_GLEAN_10002975	119	expansion
AJ304452_germacrene	mei_GLEAN_10002979	119	expansion
AJ304452_germacrene	mei_GLEAN_10002983	119	expansion
AJ304452_germacrene	mei_GLEAN_10004059	119	expansion
AJ304452_germacrene	mei_GLEAN_10004062	119	expansion
AJ304452_germacrene	mei_GLEAN_10011580	119	expansion
AJ304452_germacrene	mei_GLEAN_10016887	119	expansion
AJ304452_germacrene	mei_GLEAN_10017279	4075	unchange
AJ304452_germacrene	mei_GLEAN_10017280	4075	unchange
AJ304452_germacrene	mei_GLEAN_10017732	868	unchange
AJ304452_germacrene	mei_GLEAN_10017733	14664	expansion
AJ304452_germacrene	mei_GLEAN_10017737	2870	unchange
AJ304452_germacrene	mei_GLEAN_10019110	2870	unchange
AJ304452_germacrene	mei_GLEAN_10020448	119	expansion
AJ304452_germacrene	mei_GLEAN_10024499	119	expansion
AJ304452_germacrene	mei_GLEAN_10024500	119	expansion
AJ304452_germacrene	mei_GLEAN_10024526	119	expansion
AJ304452_germacrene	mei_GLEAN_10024529	119	expansion
AJ304452_germacrene	mei_GLEAN_10024531	uncluster	uncluster
AJ628349_BSMT	mei_GLEAN_10004348	1399	unchange
AJ628349_BSMT	mei_GLEAN_10007420	12580	unchange
AJ628349_BSMT	mei_GLEAN_10010081	1399	unchange
AJ628349_BSMT	mei_GLEAN_10010083	1399	unchange
AJ628349_BSMT	mei_GLEAN_10011529	14343	unchange
AJ628349_BSMT	mei_GLEAN_10018856	17832	unchange
AJ628349_BSMT	mei_GLEAN_10018858	2836	expansion
AJ628349_BSMT	mei_GLEAN_10018859	2836	expansion
AJ628349_BSMT	mei_GLEAN_10018860	21651	unchange
AJ628349_BSMT	mei_GLEAN_10018861	2836	expansion
AJ628349_BSMT	mei_GLEAN_10018863	2836	expansion
AJ628349_BSMT	mei_GLEAN_10018998	1399	unchange
AJ628349_BSMT	mei_GLEAN_10024301	561	contraction
AJ628349_BSMT	mei_GLEAN_10024304	561	contraction
AJ628349_BSMT	mei_GLEAN_10024306	uncluster	uncluster
AJ628349_BSMT	mei_GLEAN_10027827	3790	unchange
AJ628349_BSMT	mei_GLEAN_10027828	14947	unchange
AJ628349_BSMT	mei_GLEAN_10029094	8535	unchange
AJ628349_BSMT	mei_GLEAN_10029452	25079	unchange
AJ628349_BSMT	mei_GLEAN_10029759	5712	unchange
AJ628349_BSMT	mei_GLEAN_10029868	3836	unchange
AT1G49040.1_SCD1	mei_GLEAN_10023087	7133	unchange
AT1G55020.1_LOX1	mei_GLEAN_10000260	28	expansion
AT1G55020.1_LOX1	mei_GLEAN_10010124	28	expansion
AT1G55020.1_LOX1	mei_GLEAN_10011790	28	expansion
AT1G55020.1_LOX1	mei_GLEAN_10011792	28	expansion
AT1G55020.1_LOX1	mei_GLEAN_10011793	28	expansion
AT1G55020.1_LOX1	mei_GLEAN_10015641	28	expansion
AT1G55020.1_LOX1	mei_GLEAN_10015804	28	expansion
AT1G55020.1_LOX1	mei_GLEAN_10019507	28	expansion
AT1G55020.1_LOX1	mei_GLEAN_10019508	28	expansion
AT1G55020.1_LOX1	mei_GLEAN_10019509	28	expansion
AT1G55020.1_LOX1	mei_GLEAN_10019510	28	expansion
AT1G55020.1_LOX1	mei_GLEAN_10019511	28	expansion
AT1G55020.1_LOX1	mei_GLEAN_10019512	28	expansion
AT1G55020.1_LOX1	mei_GLEAN_10027166	28	expansion
AT1G55020.1_LOX1	mei_GLEAN_10027742	28	expansion
AT1G60140.1_TPS10	mei_GLEAN_10003908	1365	contraction
AT1G60140.1_TPS10	mei_GLEAN_10005173	127	unchange
AT1G60140.1_TPS10	mei_GLEAN_10006017	127	unchange
AT1G60140.1_TPS10	mei_GLEAN_10013047	127	unchange
AT1G60140.1_TPS10	mei_GLEAN_10017944	127	unchange
AT1G60140.1_TPS10	mei_GLEAN_10020544	127	unchange
AT1G60140.1_TPS10	mei_GLEAN_10029635	127	unchange
AT1G60140.1_TPS10	mei_GLEAN_10029761	127	unchange
AT1G77120.1_ADH	mei_GLEAN_10002564	5650	unchange
AT1G77120.1_ADH	mei_GLEAN_10009458	10258	unchange
AT1G77120.1_ADH	mei_GLEAN_10011210	227	contraction
AT1G77120.1_ADH	mei_GLEAN_10011212	227	contraction
AT1G77120.1_ADH	mei_GLEAN_10011215	227	contraction
AT1G77120.1_ADH	mei_GLEAN_10011217	227	contraction
AT1G77120.1_ADH	mei_GLEAN_10013474	uncluster	uncluster
AT1G77120.1_ADH	mei_GLEAN_10025730	9315	unchange
AT1G77120.1_ADH	mei_GLEAN_10028672	4935	unchange
AT1G77120.1_ADH	mei_GLEAN_10028728	227	contraction
AT1G77120.1_ADH	mei_GLEAN_10029983	2639	contraction
AT2G34630.2_GPPS	mei_GLEAN_10014862	13079	unchange
AT2G34630.2_GPPS	mei_GLEAN_10015883	4551	unchange
AT2G37040.1_PAL	mei_GLEAN_10023042	543	unchange
AT2G37040.1_PAL	mei_GLEAN_10025628	543	unchange
AT2G41500.1_LIS	mei_GLEAN_10020773	5752	unchange
AT3G63520.1_CCD	mei_GLEAN_10003273	496	unchange
AT3G63520.1_CCD	mei_GLEAN_10003304	1965	unchange
AT3G63520.1_CCD	mei_GLEAN_10005181	2719	unchange
AT3G63520.1_CCD	mei_GLEAN_10009572	1061	unchange
AT3G63520.1_CCD	mei_GLEAN_10014830	496	unchange
AT3G63520.1_CCD	mei_GLEAN_10015914	496	unchange
AT4G15440.1_HPL	mei_GLEAN_10007201	2425	unchange
AT4G15440.1_HPL	mei_GLEAN_10013179	11334	unchange
AT4G15440.1_HPL	mei_GLEAN_10027922	3107	unchange
AT5G42650.1_AOS	mei_GLEAN_10007201	2425	unchange
AT5G42650.1_AOS	mei_GLEAN_10013179	11334	unchange
AT5G42650.1_AOS	mei_GLEAN_10027922	3107	unchange
AY508730_Patchouol-synthase	mei_GLEAN_10000430	868	unchange
AY508730_Patchouol-synthase	mei_GLEAN_10000431	14664	expansion
AY508730_Patchouol-synthase	mei_GLEAN_10000493	119	expansion
AY508730_Patchouol-synthase	mei_GLEAN_10001955	119	expansion
AY508730_Patchouol-synthase	mei_GLEAN_10001959	119	expansion
AY508730_Patchouol-synthase	mei_GLEAN_10002975	119	expansion
AY508730_Patchouol-synthase	mei_GLEAN_10002979	119	expansion
AY508730_Patchouol-synthase	mei_GLEAN_10002983	119	expansion
AY508730_Patchouol-synthase	mei_GLEAN_10004059	119	expansion
AY508730_Patchouol-synthase	mei_GLEAN_10004062	119	expansion
AY508730_Patchouol-synthase	mei_GLEAN_10011580	119	expansion
AY508730_Patchouol-synthase	mei_GLEAN_10016887	119	expansion
AY508730_Patchouol-synthase	mei_GLEAN_10017280	4075	unchange
AY508730_Patchouol-synthase	mei_GLEAN_10017732	868	unchange
AY508730_Patchouol-synthase	mei_GLEAN_10017733	14664	expansion
AY508730_Patchouol-synthase	mei_GLEAN_10020448	119	expansion
AY508730_Patchouol-synthase	mei_GLEAN_10024499	119	expansion
AY508730_Patchouol-synthase	mei_GLEAN_10024500	119	expansion
AY508730_Patchouol-synthase	mei_GLEAN_10024526	119	expansion
AY508730_Patchouol-synthase	mei_GLEAN_10024529	119	expansion
AY508730_Patchouol-synthase	mei_GLEAN_10024531	uncluster	uncluster
AY563157_BEBT	mei_GLEAN_10012531	794	unchange
AY563157_BEBT	mei_GLEAN_10012533	794	unchange
AY563157_BEBT	mei_GLEAN_10013625	17872	unchange
AY563157_BEBT	mei_GLEAN_10015158	732	unchange
AY563157_BEBT	mei_GLEAN_10019801	790	unchange
AY563157_BEBT	mei_GLEAN_10019802	790	unchange
AY563157_BEBT	mei_GLEAN_10019803	790	unchange
AY563157_BEBT	mei_GLEAN_10019804	14437	unchange
AY563157_BEBT	mei_GLEAN_10019840	2225	unchange
AY563157_BEBT	mei_GLEAN_10026520	732	unchange
AY563157_BEBT	mei_GLEAN_10027817	2434	unchange
AY563157_BEBT	mei_GLEAN_10028239	3807	unchange
AY611496_BPBT	mei_GLEAN_10012531	794	unchange
AY611496_BPBT	mei_GLEAN_10012533	794	unchange
AY611496_BPBT	mei_GLEAN_10013625	17872	unchange
AY611496_BPBT	mei_GLEAN_10015158	732	unchange
AY611496_BPBT	mei_GLEAN_10019801	790	unchange
AY611496_BPBT	mei_GLEAN_10019802	790	unchange
AY611496_BPBT	mei_GLEAN_10019803	790	unchange
AY611496_BPBT	mei_GLEAN_10019804	14437	unchange
AY611496_BPBT	mei_GLEAN_10019840	2225	unchange
AY611496_BPBT	mei_GLEAN_10026520	732	unchange
AY611496_BPBT	mei_GLEAN_10027817	2434	unchange
AY611496_BPBT	mei_GLEAN_10028239	3807	unchange
AY622319_lim3h	mei_GLEAN_10000193	333	expansion
AY622319_lim3h	mei_GLEAN_10000713	240	expansion
AY622319_lim3h	mei_GLEAN_10000771	257	contraction
AY622319_lim3h	mei_GLEAN_10000982	116	contraction
AY622319_lim3h	mei_GLEAN_10001282	240	expansion
AY622319_lim3h	mei_GLEAN_10001563	333	expansion
AY622319_lim3h	mei_GLEAN_10001568	333	expansion
AY622319_lim3h	mei_GLEAN_10002319	240	expansion
AY622319_lim3h	mei_GLEAN_10002373	240	expansion
AY622319_lim3h	mei_GLEAN_10002374	240	expansion
AY622319_lim3h	mei_GLEAN_10002377	240	expansion
AY622319_lim3h	mei_GLEAN_10002378	240	expansion
AY622319_lim3h	mei_GLEAN_10002980	257	contraction
AY622319_lim3h	mei_GLEAN_10004682	774	contraction
AY622319_lim3h	mei_GLEAN_10006570	116	contraction
AY622319_lim3h	mei_GLEAN_10006767	7289	unchange
AY622319_lim3h	mei_GLEAN_10010182	1231	unchange
AY622319_lim3h	mei_GLEAN_10011528	17823	unchange
AY622319_lim3h	mei_GLEAN_10011579	333	expansion
AY622319_lim3h	mei_GLEAN_10011581	333	expansion
AY622319_lim3h	mei_GLEAN_10011583	333	expansion
AY622319_lim3h	mei_GLEAN_10013257	235	unchange
AY622319_lim3h	mei_GLEAN_10013258	235	unchange
AY622319_lim3h	mei_GLEAN_10013260	235	unchange
AY622319_lim3h	mei_GLEAN_10013262	235	unchange
AY622319_lim3h	mei_GLEAN_10015358	368	contraction
AY622319_lim3h	mei_GLEAN_10016508	1257	unchange
AY622319_lim3h	mei_GLEAN_10016510	1257	unchange
AY622319_lim3h	mei_GLEAN_10016511	1257	unchange
AY622319_lim3h	mei_GLEAN_10018052	193	unchange
AY622319_lim3h	mei_GLEAN_10018054	193	unchange
AY622319_lim3h	mei_GLEAN_10018055	193	unchange
AY622319_lim3h	mei_GLEAN_10018056	193	unchange
AY622319_lim3h	mei_GLEAN_10018058	193	unchange
AY622319_lim3h	mei_GLEAN_10018060	193	unchange
AY622319_lim3h	mei_GLEAN_10018062	193	unchange
AY622319_lim3h	mei_GLEAN_10018314	774	contraction
AY622319_lim3h	mei_GLEAN_10018946	1645	contraction
AY622319_lim3h	mei_GLEAN_10019625	uncluster	uncluster
AY622319_lim3h	mei_GLEAN_10019675	1873	unchange
AY622319_lim3h	mei_GLEAN_10019677	1873	unchange
AY622319_lim3h	mei_GLEAN_10020229	964	contraction
AY622319_lim3h	mei_GLEAN_10020239	uncluster	uncluster
AY622319_lim3h	mei_GLEAN_10020449	1257	unchange
AY622319_lim3h	mei_GLEAN_10020450	13179	unchange
AY622319_lim3h	mei_GLEAN_10022097	368	contraction
AY622319_lim3h	mei_GLEAN_10022098	368	contraction
AY622319_lim3h	mei_GLEAN_10022099	368	contraction
AY622319_lim3h	mei_GLEAN_10022326	14809	unchange
AY622319_lim3h	mei_GLEAN_10022513	116	contraction
AY622319_lim3h	mei_GLEAN_10026184	787	unchange
AY622319_lim3h	mei_GLEAN_10026689	1898	unchange
AY622319_lim3h	mei_GLEAN_10026694	257	contraction
AY622319_lim3h	mei_GLEAN_10026695	12531	unchange
AY622319_lim3h	mei_GLEAN_10026701	787	unchange
AY622319_lim3h	mei_GLEAN_10026702	787	unchange
AY622319_lim3h	mei_GLEAN_10026704	787	unchange
AY622319_lim3h	mei_GLEAN_10027167	193	unchange
AY622319_lim3h	mei_GLEAN_10027461	12288	unchange
AY622319_lim3h	mei_GLEAN_10029155	1231	unchange
AY705977_ODO1	mei_GLEAN_10004680	8703	unchange
AY705977_ODO1	mei_GLEAN_10025160	9681	unchange
DQ243784_PAAS	mei_GLEAN_10011060	589	unchange
DQ243784_PAAS	mei_GLEAN_10014877	589	unchange
DQ243784_PAAS	mei_GLEAN_10014881	589	unchange
DQ243784_PAAS	mei_GLEAN_10014886	589	unchange
DQ243784_PAAS	mei_GLEAN_10022427	589	unchange
DQ243784_PAAS	mei_GLEAN_10028649	20	unchange
DQ459000_AADC	mei_GLEAN_10026361	2544	unchange
DQ459000_AADC	mei_GLEAN_10027803	2544	unchange
DQ767969_CFAT	mei_GLEAN_10002327	uncluster	uncluster
DQ767969_CFAT	mei_GLEAN_10002329	1890	unchange
DQ767969_CFAT	mei_GLEAN_10019777	11972	unchange
DQ767969_CFAT	mei_GLEAN_10024747	1890	unchange
EF467239_IGS	mei_GLEAN_10014525	9269	unchange
EF467239_IGS	mei_GLEAN_10014530	uncluster	uncluster
EF467239_IGS	mei_GLEAN_10024314	7026	unchange
EF467239_IGS	mei_GLEAN_10027843	16884	unchange
EF467239_IGS	mei_GLEAN_10029300	3988	unchange
EF467239_IGS	mei_GLEAN_10029541	8217	unchange
EF467239_IGS	mei_GLEAN_10029542	13032	unchange
EF467239_IGS	mei_GLEAN_10029543	13032	unchange
EF467241_EGS	mei_GLEAN_10014525	9269	unchange
EF467241_EGS	mei_GLEAN_10023107	uncluster	uncluster
EF467241_EGS	mei_GLEAN_10024314	7026	unchange
EF467241_EGS	mei_GLEAN_10027843	16884	unchange
EF467241_EGS	mei_GLEAN_10029300	3988	unchange
EF467241_EGS	mei_GLEAN_10029541	8217	unchange
EF467241_EGS	mei_GLEAN_10029542	13032	unchange
EF467241_EGS	mei_GLEAN_10029543	13032	unchange
EF467241_EGS	mei_GLEAN_10029547	uncluster	uncluster
EU033968_CCMT	mei_GLEAN_10004348	1399	unchange
EU033968_CCMT	mei_GLEAN_10007420	12580	unchange
EU033968_CCMT	mei_GLEAN_10010081	1399	unchange
EU033968_CCMT	mei_GLEAN_10010082	uncluster	uncluster
EU033968_CCMT	mei_GLEAN_10010083	1399	unchange
EU033968_CCMT	mei_GLEAN_10011529	14343	unchange
EU033968_CCMT	mei_GLEAN_10018856	17832	unchange
EU033968_CCMT	mei_GLEAN_10018858	2836	expansion
EU033968_CCMT	mei_GLEAN_10018860	21651	unchange
EU033968_CCMT	mei_GLEAN_10018861	2836	expansion
EU033968_CCMT	mei_GLEAN_10018863	2836	expansion
EU033968_CCMT	mei_GLEAN_10018998	1399	unchange
EU033968_CCMT	mei_GLEAN_10024301	561	contraction
EU033968_CCMT	mei_GLEAN_10024304	561	contraction
EU033968_CCMT	mei_GLEAN_10024306	uncluster	uncluster
EU033968_CCMT	mei_GLEAN_10027827	3790	unchange
EU033968_CCMT	mei_GLEAN_10027828	14947	unchange
EU033968_CCMT	mei_GLEAN_10029094	8535	unchange
EU033968_CCMT	mei_GLEAN_10029452	25079	unchange
EU033968_CCMT	mei_GLEAN_10029759	5712	unchange
EU033968_CCMT	mei_GLEAN_10029868	3836	unchange
EU108707_menthofuran	mei_GLEAN_10000193	333	expansion
EU108707_menthofuran	mei_GLEAN_10000713	240	expansion
EU108707_menthofuran	mei_GLEAN_10000771	257	contraction
EU108707_menthofuran	mei_GLEAN_10000982	116	contraction
EU108707_menthofuran	mei_GLEAN_10001282	240	expansion
EU108707_menthofuran	mei_GLEAN_10001563	333	expansion
EU108707_menthofuran	mei_GLEAN_10001568	333	expansion
EU108707_menthofuran	mei_GLEAN_10002319	240	expansion
EU108707_menthofuran	mei_GLEAN_10002373	240	expansion
EU108707_menthofuran	mei_GLEAN_10002374	240	expansion
EU108707_menthofuran	mei_GLEAN_10002377	240	expansion
EU108707_menthofuran	mei_GLEAN_10002378	240	expansion
EU108707_menthofuran	mei_GLEAN_10002980	257	contraction
EU108707_menthofuran	mei_GLEAN_10004682	774	contraction
EU108707_menthofuran	mei_GLEAN_10006570	116	contraction
EU108707_menthofuran	mei_GLEAN_10006767	7289	unchange
EU108707_menthofuran	mei_GLEAN_10007750	116	contraction
EU108707_menthofuran	mei_GLEAN_10007852	116	contraction
EU108707_menthofuran	mei_GLEAN_10008985	3828	unchange
EU108707_menthofuran	mei_GLEAN_10009043	953	unchange
EU108707_menthofuran	mei_GLEAN_10010182	1231	unchange
EU108707_menthofuran	mei_GLEAN_10011579	333	expansion
EU108707_menthofuran	mei_GLEAN_10011581	333	expansion
EU108707_menthofuran	mei_GLEAN_10011583	333	expansion
EU108707_menthofuran	mei_GLEAN_10011760	2750	expansion
EU108707_menthofuran	mei_GLEAN_10011781	240	expansion
EU108707_menthofuran	mei_GLEAN_10012843	3998	unchange
EU108707_menthofuran	mei_GLEAN_10013257	235	unchange
EU108707_menthofuran	mei_GLEAN_10013258	235	unchange
EU108707_menthofuran	mei_GLEAN_10013260	235	unchange
EU108707_menthofuran	mei_GLEAN_10013261	235	unchange
EU108707_menthofuran	mei_GLEAN_10013262	235	unchange
EU108707_menthofuran	mei_GLEAN_10013412	2283	contraction
EU108707_menthofuran	mei_GLEAN_10013414	2283	contraction
EU108707_menthofuran	mei_GLEAN_10015358	368	contraction
EU108707_menthofuran	mei_GLEAN_10016508	1257	unchange
EU108707_menthofuran	mei_GLEAN_10016510	1257	unchange
EU108707_menthofuran	mei_GLEAN_10016511	1257	unchange
EU108707_menthofuran	mei_GLEAN_10017767	626	contraction
EU108707_menthofuran	mei_GLEAN_10017770	626	contraction
EU108707_menthofuran	mei_GLEAN_10017772	626	contraction
EU108707_menthofuran	mei_GLEAN_10017784	626	contraction
EU108707_menthofuran	mei_GLEAN_10018052	193	unchange
EU108707_menthofuran	mei_GLEAN_10018054	193	unchange
EU108707_menthofuran	mei_GLEAN_10018055	193	unchange
EU108707_menthofuran	mei_GLEAN_10018056	193	unchange
EU108707_menthofuran	mei_GLEAN_10018058	193	unchange
EU108707_menthofuran	mei_GLEAN_10018060	193	unchange
EU108707_menthofuran	mei_GLEAN_10018062	193	unchange
EU108707_menthofuran	mei_GLEAN_10018304	1161	unchange
EU108707_menthofuran	mei_GLEAN_10018314	774	contraction
EU108707_menthofuran	mei_GLEAN_10018316	1161	unchange
EU108707_menthofuran	mei_GLEAN_10018322	1161	unchange
EU108707_menthofuran	mei_GLEAN_10018946	1645	contraction
EU108707_menthofuran	mei_GLEAN_10019625	uncluster	uncluster
EU108707_menthofuran	mei_GLEAN_10019675	1873	unchange
EU108707_menthofuran	mei_GLEAN_10019677	1873	unchange
EU108707_menthofuran	mei_GLEAN_10020229	964	contraction
EU108707_menthofuran	mei_GLEAN_10020239	uncluster	uncluster
EU108707_menthofuran	mei_GLEAN_10020242	2796	contraction
EU108707_menthofuran	mei_GLEAN_10020449	1257	unchange
EU108707_menthofuran	mei_GLEAN_10020450	13179	unchange
EU108707_menthofuran	mei_GLEAN_10022097	368	contraction
EU108707_menthofuran	mei_GLEAN_10022098	368	contraction
EU108707_menthofuran	mei_GLEAN_10022099	368	contraction
EU108707_menthofuran	mei_GLEAN_10022326	14809	unchange
EU108707_menthofuran	mei_GLEAN_10022513	116	contraction
EU108707_menthofuran	mei_GLEAN_10024118	6476	unchange
EU108707_menthofuran	mei_GLEAN_10024120	2457	unchange
EU108707_menthofuran	mei_GLEAN_10026184	787	unchange
EU108707_menthofuran	mei_GLEAN_10026687	1417	contraction
EU108707_menthofuran	mei_GLEAN_10026689	1898	unchange
EU108707_menthofuran	mei_GLEAN_10026694	257	contraction
EU108707_menthofuran	mei_GLEAN_10026695	12531	unchange
EU108707_menthofuran	mei_GLEAN_10026698	uncluster	uncluster
EU108707_menthofuran	mei_GLEAN_10026701	787	unchange
EU108707_menthofuran	mei_GLEAN_10026702	787	unchange
EU108707_menthofuran	mei_GLEAN_10026704	787	unchange
EU108707_menthofuran	mei_GLEAN_10027167	193	unchange
EU108707_menthofuran	mei_GLEAN_10027461	12288	unchange
EU108707_menthofuran	mei_GLEAN_10027929	116	contraction
EU108707_menthofuran	mei_GLEAN_10027932	116	contraction
EU108707_menthofuran	mei_GLEAN_10027933	116	contraction
EU108707_menthofuran	mei_GLEAN_10028837	6304	unchange
EU108707_menthofuran	mei_GLEAN_10028838	6304	unchange
EU108707_menthofuran	mei_GLEAN_10028840	1882	contraction
EU108707_menthofuran	mei_GLEAN_10028841	1882	contraction
EU108707_menthofuran	mei_GLEAN_10029155	1231	unchange
GU299532_SAMT	mei_GLEAN_10004348	1399	unchange
GU299532_SAMT	mei_GLEAN_10010081	1399	unchange
GU299532_SAMT	mei_GLEAN_10010083	1399	unchange
GU299532_SAMT	mei_GLEAN_10011529	14343	unchange
GU299532_SAMT	mei_GLEAN_10018856	17832	unchange
GU299532_SAMT	mei_GLEAN_10018858	2836	expansion
GU299532_SAMT	mei_GLEAN_10018859	2836	expansion
GU299532_SAMT	mei_GLEAN_10018860	21651	unchange
GU299532_SAMT	mei_GLEAN_10018861	2836	expansion
GU299532_SAMT	mei_GLEAN_10018863	2836	expansion
GU299532_SAMT	mei_GLEAN_10018998	1399	unchange
GU299532_SAMT	mei_GLEAN_10024301	561	contraction
GU299532_SAMT	mei_GLEAN_10024304	561	contraction
GU299532_SAMT	mei_GLEAN_10024306	uncluster	uncluster
GU299532_SAMT	mei_GLEAN_10027827	3790	unchange
GU299532_SAMT	mei_GLEAN_10027828	14947	unchange
GU299532_SAMT	mei_GLEAN_10029094	8535	unchange
GU299532_SAMT	mei_GLEAN_10029868	3836	unchange
NM_117403_terpenoid-synthase	mei_GLEAN_10000493	119	expansion
NM_117403_terpenoid-synthase	mei_GLEAN_10001955	119	expansion
NM_117403_terpenoid-synthase	mei_GLEAN_10001959	119	expansion
NM_117403_terpenoid-synthase	mei_GLEAN_10002975	119	expansion
NM_117403_terpenoid-synthase	mei_GLEAN_10002979	119	expansion
NM_117403_terpenoid-synthase	mei_GLEAN_10002983	119	expansion
NM_117403_terpenoid-synthase	mei_GLEAN_10004059	119	expansion
NM_117403_terpenoid-synthase	mei_GLEAN_10004062	119	expansion
NM_117403_terpenoid-synthase	mei_GLEAN_10011580	119	expansion
NM_117403_terpenoid-synthase	mei_GLEAN_10020448	119	expansion
NM_117403_terpenoid-synthase	mei_GLEAN_10024499	119	expansion
NM_117403_terpenoid-synthase	mei_GLEAN_10024500	119	expansion
NM_117403_terpenoid-synthase	mei_GLEAN_10024526	119	expansion
NM_117403_terpenoid-synthase	mei_GLEAN_10024529	119	expansion
