AB086103_IEMT	mei_GLEAN_10000553	0.600055703	7.268050607	20.72117531	26.85318279	-
AB086103_IEMT	mei_GLEAN_10001788	116.768908	9.756563011	5.238663337	5.054734382	52.68702788
AB086103_IEMT	mei_GLEAN_10004283	-	-	0.134324701	11.23871793	0.243170898
AB086103_IEMT	mei_GLEAN_10004290	-	-	5.491842759	31.79827302	-
AB086103_IEMT	mei_GLEAN_10011130	0.173866019	-	0.202056224	-	2.845007916
AB086103_IEMT	mei_GLEAN_10011131	-	-	0.133572182	15.88133737	0.080602865
AB086103_IEMT	mei_GLEAN_10014871	7.363846846	-	0.170304532	-	-
AB086103_IEMT	mei_GLEAN_10017189	10.47292433	1.511160501	3.245594214	0.399784049	4.59499633
AB086103_IEMT	mei_GLEAN_10019244	29.82870673	155.5063513	8.125143572	44.25821602	288.0737401
AB086103_IEMT	mei_GLEAN_10019249	-	0.128997388	1.33199075	289.4380682	-
AB086103_IEMT	mei_GLEAN_10019251	1.700236758	4.146090082	1.31727262	1.212880752	63.35318417
AB086103_IEMT	mei_GLEAN_10019252	1.028666919	-	1.527522539	205.0945069	172.6513375
AB086103_IEMT	mei_GLEAN_10019256	-	-	0.26639815	299.569467	-
AB086103_IEMT	mei_GLEAN_10021519	0.162826906	-	-	0.202007284	0.076124928
AB086103_IEMT	mei_GLEAN_10021521	85.80977972	0.794118841	2.144575582	40.14894774	0.685124355
AB086103_IEMT	mei_GLEAN_10021523	0.840474179	0.194038088	0.400716545	0.761983359	-
AB086103_IEMT	mei_GLEAN_10021528	0.321402458	0.060288596	-	0.199370113	-
AB086103_IEMT	mei_GLEAN_10024156	53.20865593	7.634268184	63.25728752	0.362135009	14.19265738
AB086103_IEMT	mei_GLEAN_10025817	130.6645885	85.23308566	204.225844	325.4635392	1230.258711
AB086103_IEMT	mei_GLEAN_10027492	37.40119633	34.73796919	24.51079084	34.43464434	30.76996551
AB121046_POMT	mei_GLEAN_10000553	0.600055703	7.268050607	20.72117531	26.85318279	-
AB121046_POMT	mei_GLEAN_10001788	116.768908	9.756563011	5.238663337	5.054734382	52.68702788
AB121046_POMT	mei_GLEAN_10004283	-	-	0.134324701	11.23871793	0.243170898
AB121046_POMT	mei_GLEAN_10004290	-	-	5.491842759	31.79827302	-
AB121046_POMT	mei_GLEAN_10011130	0.173866019	-	0.202056224	-	2.845007916
AB121046_POMT	mei_GLEAN_10011131	-	-	0.133572182	15.88133737	0.080602865
AB121046_POMT	mei_GLEAN_10014871	7.363846846	-	0.170304532	-	-
AB121046_POMT	mei_GLEAN_10017189	10.47292433	1.511160501	3.245594214	0.399784049	4.59499633
AB121046_POMT	mei_GLEAN_10019244	29.82870673	155.5063513	8.125143572	44.25821602	288.0737401
AB121046_POMT	mei_GLEAN_10019249	-	0.128997388	1.33199075	289.4380682	-
AB121046_POMT	mei_GLEAN_10019250	-	-	1.265391212	412.1346405	0.160755435
AB121046_POMT	mei_GLEAN_10019251	1.700236758	4.146090082	1.31727262	1.212880752	63.35318417
AB121046_POMT	mei_GLEAN_10019252	1.028666919	-	1.527522539	205.0945069	172.6513375
AB121046_POMT	mei_GLEAN_10019256	-	-	0.26639815	299.569467	-
AB121046_POMT	mei_GLEAN_10021519	0.162826906	-	-	0.202007284	0.076124928
AB121046_POMT	mei_GLEAN_10021521	85.80977972	0.794118841	2.144575582	40.14894774	0.685124355
AB121046_POMT	mei_GLEAN_10021523	0.840474179	0.194038088	0.400716545	0.761983359	-
AB121046_POMT	mei_GLEAN_10021528	0.321402458	0.060288596	-	0.199370113	-
AB121046_POMT	mei_GLEAN_10024156	53.20865593	7.634268184	63.25728752	0.362135009	14.19265738
AB121046_POMT	mei_GLEAN_10025817	130.6645885	85.23308566	204.225844	325.4635392	1230.258711
AB121046_POMT	mei_GLEAN_10027492	37.40119633	34.73796919	24.51079084	34.43464434	30.76996551
AF043464_BEAT	mei_GLEAN_10003415	-	-	9.095722836	-	2.987946398
AF043464_BEAT	mei_GLEAN_10006520	-	-	-	7.831667018	-
AF043464_BEAT	mei_GLEAN_10017833					
AF043464_BEAT	mei_GLEAN_10017834	0.413077655	4.029220429	2.133569075	74.82132886	-
AF043464_BEAT	mei_GLEAN_10017838	-	-	0.533392269	17.97932617	-
AF043464_BEAT	mei_GLEAN_10017840	4.356177375	17.76600328	9.689472434	2.266355695	11.29985923
AF043464_BEAT	mei_GLEAN_10017846					
AF043464_BEAT	mei_GLEAN_10017850					
AF043464_BEAT	mei_GLEAN_10017854	1.97633025	3.919035326	0.546849413	0.612971645	49.96065081
AF043464_BEAT	mei_GLEAN_10017855	0.423499339	1.853597789	0.109369883	0.437836889	0.131996435
AF043464_BEAT	mei_GLEAN_10023479	-	-	-	0.084654937	0.76563786
AF043464_BEAT	mei_GLEAN_10023481	-	-	-	0.04070296	-
AF043464_BEAT	mei_GLEAN_10023483	-	-	-	2.433410824	0.252968993
AF043464_BEAT	mei_GLEAN_10023484	-	-	-	2.708671997	0.129618121
AF043464_BEAT	mei_GLEAN_10023485	-	0.102624589	-	2.502870251	-
AF043464_BEAT	mei_GLEAN_10023488	-	-	-	8.558893242	-
AF043464_BEAT	mei_GLEAN_10023495	-	-	-	8.051433185	-
AF043464_BEAT	mei_GLEAN_10023496	-	-	-	0.565298288	-
AF043464_BEAT	mei_GLEAN_10023499	-	-	-	39.53988903	0.640873562
AF043464_BEAT	mei_GLEAN_10023503	35.66237092	8.265067547	4.800530419	98.01081606	43.13064733
AF043464_BEAT	mei_GLEAN_10023505	0.887063657	0.204794079	-	-	0.191409465
AF198492_BAMT	mei_GLEAN_10004348					
AF198492_BAMT	mei_GLEAN_10007420	14.73329807	-	-	-	-
AF198492_BAMT	mei_GLEAN_10010081	2.8701406	0.358920194	0.555916346	25.41994771	0.07454721
AF198492_BAMT	mei_GLEAN_10010083	-	-	-	0.714078118	0.932862588
AF198492_BAMT	mei_GLEAN_10011529	0.504496481	1.45104439	0.13028762	-	1.572416553
AF198492_BAMT	mei_GLEAN_10018856	-	-	-	4.577363966	-
AF198492_BAMT	mei_GLEAN_10018858	0.173376255	-	-	25.27367191	0.324227864
AF198492_BAMT	mei_GLEAN_10018859	-	-	-	0.281558825	-
AF198492_BAMT	mei_GLEAN_10018860	0.336330987	0.252355546	0.06514381	5.633022794	0.314483311
AF198492_BAMT	mei_GLEAN_10018861	0.174358557	0.39247364	-	0.108156875	-
AF198492_BAMT	mei_GLEAN_10018863	1.046151343	2.81272775	8.780573581	4.542588731	0.163032424
AF198492_BAMT	mei_GLEAN_10024301	0.18318027	-	-	-	-
AF198492_BAMT	mei_GLEAN_10024304	321.2869677	501.4311728	14.21260102	0.212698478	2.24430708
AF198492_BAMT	mei_GLEAN_10027827	5.273121924	-	51.56974298	-	1.697414835
AF198492_BAMT	mei_GLEAN_10027828	1.666477545	0.111145764	0.372989467	3.399848227	23.30412157
AF198492_BAMT	mei_GLEAN_10029094	28.05390651	53.32509706	44.52381455	2.47849545	9.777216628
AF198492_BAMT	mei_GLEAN_10029759	-	-	0.139024107	11.63190923	0.503356669
AF198492_BAMT	mei_GLEAN_10029868	1.670604061	8.510510535	63.28516392	100.084509	0.328859691
AF502434_OOMT	mei_GLEAN_10000553	0.600055703	7.268050607	20.72117531	26.85318279	-
AF502434_OOMT	mei_GLEAN_10001788	116.768908	9.756563011	5.238663337	5.054734382	52.68702788
AF502434_OOMT	mei_GLEAN_10004283	-	-	0.134324701	11.23871793	0.243170898
AF502434_OOMT	mei_GLEAN_10004290	-	-	5.491842759	31.79827302	-
AF502434_OOMT	mei_GLEAN_10004291	1.177587449	1.001375132	0.60823047	12.27194252	48.88851649
AF502434_OOMT	mei_GLEAN_10011130	0.173866019	-	0.202056224	-	2.845007916
AF502434_OOMT	mei_GLEAN_10011131	-	-	0.133572182	15.88133737	0.080602865
AF502434_OOMT	mei_GLEAN_10017189	10.47292433	1.511160501	3.245594214	0.399784049	4.59499633
AF502434_OOMT	mei_GLEAN_10019244	29.82870673	155.5063513	8.125143572	44.25821602	288.0737401
AF502434_OOMT	mei_GLEAN_10019249	-	0.128997388	1.33199075	289.4380682	-
AF502434_OOMT	mei_GLEAN_10019250	-	-	1.265391212	412.1346405	0.160755435
AF502434_OOMT	mei_GLEAN_10019251	1.700236758	4.146090082	1.31727262	1.212880752	63.35318417
AF502434_OOMT	mei_GLEAN_10019252	1.028666919	-	1.527522539	205.0945069	172.6513375
AF502434_OOMT	mei_GLEAN_10019256	-	-	0.26639815	299.569467	-
AF502434_OOMT	mei_GLEAN_10021519	0.162826906	-	-	0.202007284	0.076124928
AF502434_OOMT	mei_GLEAN_10021521	85.80977972	0.794118841	2.144575582	40.14894774	0.685124355
AF502434_OOMT	mei_GLEAN_10021523	0.840474179	0.194038088	0.400716545	0.761983359	-
AF502434_OOMT	mei_GLEAN_10021528	0.321402458	0.060288596	-	0.199370113	-
AF502434_OOMT	mei_GLEAN_10025817	130.6645885	85.23308566	204.225844	325.4635392	1230.258711
AF502434_OOMT	mei_GLEAN_10027492	37.40119633	34.73796919	24.51079084	34.43464434	30.76996551
AF514286_gamma-terpinene-synthase	mei_GLEAN_10000430	-	0.079485482	-	-	-
AF514286_gamma-terpinene-synthase	mei_GLEAN_10000431	1.547310435	12.03975622	5.505561765	2.132926073	1.071702902
AF514286_gamma-terpinene-synthase	mei_GLEAN_10000493	37.50958265	-	0.339396931	51.15493001	-
AF514286_gamma-terpinene-synthase	mei_GLEAN_10001955	-	-	-	8.405440079	0.112623182
AF514286_gamma-terpinene-synthase	mei_GLEAN_10001959	2.771597126	0.860516738	1.703045315	0.296423732	17.56003511
AF514286_gamma-terpinene-synthase	mei_GLEAN_10002975	0.220209555	0.867443974	0.127956893	36.81338828	0.823619976
AF514286_gamma-terpinene-synthase	mei_GLEAN_10002979	2.619088113	0.491287925	45.02199584	0.304622687	1.989776053
AF514286_gamma-terpinene-synthase	mei_GLEAN_10002983	-	-	-	1.265803708	-
AF514286_gamma-terpinene-synthase	mei_GLEAN_10004059	1.076023962	1.695458677	20.92482951	12.38159857	10.76555543
AF514286_gamma-terpinene-synthase	mei_GLEAN_10004062	0.219034059	-	0.424246164	0.033967417	25.24232189
AF514286_gamma-terpinene-synthase	mei_GLEAN_10011580	-	-	-	3.309343785	-
AF514286_gamma-terpinene-synthase	mei_GLEAN_10016887	-	-	-	0.257968762	-
AF514286_gamma-terpinene-synthase	mei_GLEAN_10017279	-	-	0.085919403	-	2.799751419
AF514286_gamma-terpinene-synthase	mei_GLEAN_10017280	2.61081482	-	3.227793468	0.344579212	0.155822507
AF514286_gamma-terpinene-synthase	mei_GLEAN_10017732	0.378178622	1.135018493	3.662463044	0.14661819	2.961505278
AF514286_gamma-terpinene-synthase	mei_GLEAN_10017733	4.298084543	24.89649589	22.3330449	0.49768275	3.965300738
AF514286_gamma-terpinene-synthase	mei_GLEAN_10017737	23.37354889	0.079898036	11.38506419	0.165135712	0.54762535
AF514286_gamma-terpinene-synthase	mei_GLEAN_10019107	0.332694977	17.14107995	223.8200456	0.275166679	0.674014231
AF514286_gamma-terpinene-synthase	mei_GLEAN_10019110	-	-	2.019105978	0.06879167	1.659111952
AF514286_gamma-terpinene-synthase	mei_GLEAN_10024500	0.120683472	-	-	0.074861523	0.225688023
AF514286_gamma-terpinene-synthase	mei_GLEAN_10024526	6.97187349	0.326945592	0.464192882	33.34782727	476.1408126
AJ304452_germacrene	mei_GLEAN_10000430	-	0.079485482	-	-	-
AJ304452_germacrene	mei_GLEAN_10000431	1.547310435	12.03975622	5.505561765	2.132926073	1.071702902
AJ304452_germacrene	mei_GLEAN_10000493	37.50958265	-	0.339396931	51.15493001	-
AJ304452_germacrene	mei_GLEAN_10001955	-	-	-	8.405440079	0.112623182
AJ304452_germacrene	mei_GLEAN_10001959	2.771597126	0.860516738	1.703045315	0.296423732	17.56003511
AJ304452_germacrene	mei_GLEAN_10002975	0.220209555	0.867443974	0.127956893	36.81338828	0.823619976
AJ304452_germacrene	mei_GLEAN_10002979	2.619088113	0.491287925	45.02199584	0.304622687	1.989776053
AJ304452_germacrene	mei_GLEAN_10002983	-	-	-	1.265803708	-
AJ304452_germacrene	mei_GLEAN_10004059	1.076023962	1.695458677	20.92482951	12.38159857	10.76555543
AJ304452_germacrene	mei_GLEAN_10004062	0.219034059	-	0.424246164	0.033967417	25.24232189
AJ304452_germacrene	mei_GLEAN_10011580	-	-	-	3.309343785	-
AJ304452_germacrene	mei_GLEAN_10016887	-	-	-	0.257968762	-
AJ304452_germacrene	mei_GLEAN_10017279	-	-	0.085919403	-	2.799751419
AJ304452_germacrene	mei_GLEAN_10017280	2.61081482	-	3.227793468	0.344579212	0.155822507
AJ304452_germacrene	mei_GLEAN_10017732	0.378178622	1.135018493	3.662463044	0.14661819	2.961505278
AJ304452_germacrene	mei_GLEAN_10017733	4.298084543	24.89649589	22.3330449	0.49768275	3.965300738
AJ304452_germacrene	mei_GLEAN_10017737	23.37354889	0.079898036	11.38506419	0.165135712	0.54762535
AJ304452_germacrene	mei_GLEAN_10019110	-	-	2.019105978	0.06879167	1.659111952
AJ304452_germacrene	mei_GLEAN_10020448	-	-	-	0.080717498	-
AJ304452_germacrene	mei_GLEAN_10024499	1.416389701	0.096613107	-	0.718858557	2.889562134
AJ304452_germacrene	mei_GLEAN_10024500	0.120683472	-	-	0.074861523	0.225688023
AJ304452_germacrene	mei_GLEAN_10024526	6.97187349	0.326945592	0.464192882	33.34782727	476.1408126
AJ304452_germacrene	mei_GLEAN_10024529	87.19380843	0.63183049	0.177930108	63.06245308	69.1464312
AJ304452_germacrene	mei_GLEAN_10024531	74.19005217	-	-	-	-
AJ628349_BSMT	mei_GLEAN_10004348					
AJ628349_BSMT	mei_GLEAN_10007420	14.73329807	-	-	-	-
AJ628349_BSMT	mei_GLEAN_10010081	2.8701406	0.358920194	0.555916346	25.41994771	0.07454721
AJ628349_BSMT	mei_GLEAN_10010083	-	-	-	0.714078118	0.932862588
AJ628349_BSMT	mei_GLEAN_10011529	0.504496481	1.45104439	0.13028762	-	1.572416553
AJ628349_BSMT	mei_GLEAN_10018856	-	-	-	4.577363966	-
AJ628349_BSMT	mei_GLEAN_10018858	0.173376255	-	-	25.27367191	0.324227864
AJ628349_BSMT	mei_GLEAN_10018859	-	-	-	0.281558825	-
AJ628349_BSMT	mei_GLEAN_10018860	0.336330987	0.252355546	0.06514381	5.633022794	0.314483311
AJ628349_BSMT	mei_GLEAN_10018861	0.174358557	0.39247364	-	0.108156875	-
AJ628349_BSMT	mei_GLEAN_10018863	1.046151343	2.81272775	8.780573581	4.542588731	0.163032424
AJ628349_BSMT	mei_GLEAN_10018998					
AJ628349_BSMT	mei_GLEAN_10024301	0.18318027	-	-	-	-
AJ628349_BSMT	mei_GLEAN_10024304	321.2869677	501.4311728	14.21260102	0.212698478	2.24430708
AJ628349_BSMT	mei_GLEAN_10024306	1185.213729	2092.419621	32.80968934	0.612205749	3.775175019
AJ628349_BSMT	mei_GLEAN_10027827	5.273121924	-	51.56974298	-	1.697414835
AJ628349_BSMT	mei_GLEAN_10027828	1.666477545	0.111145764	0.372989467	3.399848227	23.30412157
AJ628349_BSMT	mei_GLEAN_10029094	28.05390651	53.32509706	44.52381455	2.47849545	9.777216628
AJ628349_BSMT	mei_GLEAN_10029452	0.492951939	0.317032482	-	0.611568963	1.382791033
AJ628349_BSMT	mei_GLEAN_10029759	-	-	0.139024107	11.63190923	0.503356669
AJ628349_BSMT	mei_GLEAN_10029868	1.670604061	8.510510535	63.28516392	100.084509	0.328859691
AT1G49040.1_SCD1	mei_GLEAN_10023087	12.58484847	22.28771593	25.99399795	31.7476688	32.77707512
AT1G55020.1_LOX1	mei_GLEAN_10000260	0.358257105	-	-	0.933372423	-
AT1G55020.1_LOX1	mei_GLEAN_10010124	11.61886283	100.6087486	13.46216773	141.2463789	92.68753778
AT1G55020.1_LOX1	mei_GLEAN_10011790	-	-	-	-	1.555417455
AT1G55020.1_LOX1	mei_GLEAN_10011792	74.91006416	134.1004594	80.43116547	29.50444239	226.4136528
AT1G55020.1_LOX1	mei_GLEAN_10011793	75.44543316	110.4208271	55.91184366	65.72769212	473.0493366
AT1G55020.1_LOX1	mei_GLEAN_10015641	0.108233125	1.461768761	1.425526794	2.103670229	4.149299437
AT1G55020.1_LOX1	mei_GLEAN_10015804	12.17369519	0.816460816	0.474218143	0.084374313	-
AT1G55020.1_LOX1	mei_GLEAN_10019507	47.23494957	183.4414523	139.4516873	133.97311	44.50121684
AT1G55020.1_LOX1	mei_GLEAN_10019508	1.981524285	44.26949653	221.8837542	188.7646582	8.961534602
AT1G55020.1_LOX1	mei_GLEAN_10019509	4.875833955	12.67195696	22.22757652	31.03444169	13.47909409
AT1G55020.1_LOX1	mei_GLEAN_10019510	0.743177033	3.548490169	11.43713638	18.85918718	4.516857166
AT1G55020.1_LOX1	mei_GLEAN_10019511	0.221929942	0.277530438	-	3.02865248	-
AT1G55020.1_LOX1	mei_GLEAN_10019512	-	0.161284278	-	1.400058634	-
AT1G55020.1_LOX1	mei_GLEAN_10027166	56.99815607	91.62869562	109.0545907	965.8796864	30.72929063
AT1G55020.1_LOX1	mei_GLEAN_10027742	19.69554261	1.361126124	18.69764488	0.040188818	12.47935984
AT1G60140.1_TPS10	mei_GLEAN_10003908	9.245493446	10.28172851	4.323396155	6.73874192	25.34813092
AT1G60140.1_TPS10	mei_GLEAN_10005173	16.82230709	67.30876581	172.4438943	107.7767293	45.72780408
AT1G60140.1_TPS10	mei_GLEAN_10006017	28.89690668	36.23777343	65.82392372	91.04137258	55.89827993
AT1G60140.1_TPS10	mei_GLEAN_10013047	5.098481121	34.0165651	39.67141555	42.07012369	26.78599416
AT1G60140.1_TPS10	mei_GLEAN_10017944	25.32429383	99.91357906	250.4180351	62.3851917	37.23452694
AT1G60140.1_TPS10	mei_GLEAN_10020544	87.81406534	276.3346047	170.2253201	22.17511473	9.837111092
AT1G60140.1_TPS10	mei_GLEAN_10029635	9.207207601	4.67724406	3.275239652	27.49004016	25.32487605
AT1G60140.1_TPS10	mei_GLEAN_10029761	52.77646129	145.6645739	175.1152367	64.49460132	90.66212175
AT1G77120.1_ADH	mei_GLEAN_10002564	67.84331084	6.47234622	10.59672641	36.54036307	44.03481083
AT1G77120.1_ADH	mei_GLEAN_10009458	14.28806104	13.92029243	9.332688329	19.17150131	29.92623184
AT1G77120.1_ADH	mei_GLEAN_10011210	4.859097683	1.215291182	1.129387946	0.25118011	24.30749094
AT1G77120.1_ADH	mei_GLEAN_10011212	92.64679583	576.230314	385.1212896	236.5111915	300.0952854
AT1G77120.1_ADH	mei_GLEAN_10011215	3.535427035	34.30421141	31.99768692	6.62905627	1.502622607
AT1G77120.1_ADH	mei_GLEAN_10011217	23.03280882	25.21842711	26.09922248	20.82511457	25.76511243
AT1G77120.1_ADH	mei_GLEAN_10013474	0.987410224	1.358266615	0.318751797	7.196914595	3.539198541
AT1G77120.1_ADH	mei_GLEAN_10025730	1.186887037	3.816616935	84.66434094	25.50550648	-
AT1G77120.1_ADH	mei_GLEAN_10028672	119.1556072	172.1552753	96.42760028	174.0641042	271.2383698
AT1G77120.1_ADH	mei_GLEAN_10028728	47.41487501	34.21420189	7.132698217	8.391955696	49.18461558
AT1G77120.1_ADH	mei_GLEAN_10029983	58.78677582	27.76784544	27.81640682	35.43829326	19.47861244
AT2G34630.2_GPPS	mei_GLEAN_10014862	28.38164652	13.99051028	18.60109012	15.45599433	18.43774337
AT2G34630.2_GPPS	mei_GLEAN_10015883	52.1616136	12.36564043	11.90065635	3.738535155	10.42291437
AT2G37040.1_PAL	mei_GLEAN_10023042	351.5469196	34.76443675	120.9067297	137.8020261	67.24905858
AT2G37040.1_PAL	mei_GLEAN_10025628	89.28816951	32.23053489	172.6272961	280.804013	235.4372753
AT2G41500.1_LIS	mei_GLEAN_10020773	12.19881581	15.49769971	14.44519968	11.47960989	20.22042692
AT3G63520.1_CCD	mei_GLEAN_10003273	0.921692406	-	-	0.44468492	2.154550801
AT3G63520.1_CCD	mei_GLEAN_10003304	207.2621587	33.83957343	41.31353033	28.26425841	87.5659801
AT3G63520.1_CCD	mei_GLEAN_10005181	796.5664246	0.078673024	0.040617776	0.68293604	29.41249362
AT3G63520.1_CCD	mei_GLEAN_10009572	0.801734888	0.277641673	0.04778083	6.057182345	1.576197916
AT3G63520.1_CCD	mei_GLEAN_10014830	9.311960123	-	1.080248809	7.567918524	17.08819873
AT3G63520.1_CCD	mei_GLEAN_10015914	17.83229053	15.75196837	2.985113137	43.54164873	50.16034044
AT4G15440.1_HPL	mei_GLEAN_10007201	2.17080021	1.868321091	19.48962232	73.4279714	0.119399265
AT4G15440.1_HPL	mei_GLEAN_10013179	62.92465658	76.63991769	118.6801051	141.5818553	242.5423769
AT4G15440.1_HPL	mei_GLEAN_10027922	69.16942392	53.73241107	85.1393883	461.4724664	66.63449542
AT5G42650.1_AOS	mei_GLEAN_10007201	2.17080021	1.868321091	19.48962232	73.4279714	0.119399265
AT5G42650.1_AOS	mei_GLEAN_10013179	62.92465658	76.63991769	118.6801051	141.5818553	242.5423769
AT5G42650.1_AOS	mei_GLEAN_10027922	69.16942392	53.73241107	85.1393883	461.4724664	66.63449542
AY508730_Patchouol-synthase	mei_GLEAN_10000430	-	0.079485482	-	-	-
AY508730_Patchouol-synthase	mei_GLEAN_10000431	1.547310435	12.03975622	5.505561765	2.132926073	1.071702902
AY508730_Patchouol-synthase	mei_GLEAN_10000493	37.50958265	-	0.339396931	51.15493001	-
AY508730_Patchouol-synthase	mei_GLEAN_10001955	-	-	-	8.405440079	0.112623182
AY508730_Patchouol-synthase	mei_GLEAN_10001959	2.771597126	0.860516738	1.703045315	0.296423732	17.56003511
AY508730_Patchouol-synthase	mei_GLEAN_10002975	0.220209555	0.867443974	0.127956893	36.81338828	0.823619976
AY508730_Patchouol-synthase	mei_GLEAN_10002979	2.619088113	0.491287925	45.02199584	0.304622687	1.989776053
AY508730_Patchouol-synthase	mei_GLEAN_10002983	-	-	-	1.265803708	-
AY508730_Patchouol-synthase	mei_GLEAN_10004059	1.076023962	1.695458677	20.92482951	12.38159857	10.76555543
AY508730_Patchouol-synthase	mei_GLEAN_10004062	0.219034059	-	0.424246164	0.033967417	25.24232189
AY508730_Patchouol-synthase	mei_GLEAN_10011580	-	-	-	3.309343785	-
AY508730_Patchouol-synthase	mei_GLEAN_10016887	-	-	-	0.257968762	-
AY508730_Patchouol-synthase	mei_GLEAN_10017280	2.61081482	-	3.227793468	0.344579212	0.155822507
AY508730_Patchouol-synthase	mei_GLEAN_10017732	0.378178622	1.135018493	3.662463044	0.14661819	2.961505278
AY508730_Patchouol-synthase	mei_GLEAN_10017733	4.298084543	24.89649589	22.3330449	0.49768275	3.965300738
AY508730_Patchouol-synthase	mei_GLEAN_10020448	-	-	-	0.080717498	-
AY508730_Patchouol-synthase	mei_GLEAN_10024499	1.416389701	0.096613107	-	0.718858557	2.889562134
AY508730_Patchouol-synthase	mei_GLEAN_10024500	0.120683472	-	-	0.074861523	0.225688023
AY508730_Patchouol-synthase	mei_GLEAN_10024526	6.97187349	0.326945592	0.464192882	33.34782727	476.1408126
AY508730_Patchouol-synthase	mei_GLEAN_10024529	87.19380843	0.63183049	0.177930108	63.06245308	69.1464312
AY508730_Patchouol-synthase	mei_GLEAN_10024531	74.19005217	-	-	-	-
AY563157_BEBT	mei_GLEAN_10012531	180.0400366	15.91728315	55.20029419	9.826211467	31.18947065
AY563157_BEBT	mei_GLEAN_10012533	35.79865844	0.785392261	8.542259043	4.372014794	4.697995579
AY563157_BEBT	mei_GLEAN_10013625					
AY563157_BEBT	mei_GLEAN_10015158	32.2889034	72.31934104	4.587173512	50.56418572	3.089956824
AY563157_BEBT	mei_GLEAN_10019801	0.3481254	3.343425514	4.639064615	-	-
AY563157_BEBT	mei_GLEAN_10019802	11.74896793	26.29615953	8.481978404	-	0.062419139
AY563157_BEBT	mei_GLEAN_10019803	7.254484134	35.00822663	75.7876295	-	1.142440612
AY563157_BEBT	mei_GLEAN_10019804	7.830956534	0.824661874	0.851522658	-	-
AY563157_BEBT	mei_GLEAN_10019840	5.928379641	4.098319614	48.87223981	57.64094212	35.37733035
AY563157_BEBT	mei_GLEAN_10026520	1.492517302	-	-	37.78259335	-
AY563157_BEBT	mei_GLEAN_10027817	0.840474179	0.291057132	1.101970498	2.005219365	4.23165043
AY563157_BEBT	mei_GLEAN_10028239	1.798497194	0.19991803	4.489846741	12.60249989	0.747408388
AY611496_BPBT	mei_GLEAN_10012531	180.0400366	15.91728315	55.20029419	9.826211467	31.18947065
AY611496_BPBT	mei_GLEAN_10012533	35.79865844	0.785392261	8.542259043	4.372014794	4.697995579
AY611496_BPBT	mei_GLEAN_10013625					
AY611496_BPBT	mei_GLEAN_10015158	32.2889034	72.31934104	4.587173512	50.56418572	3.089956824
AY611496_BPBT	mei_GLEAN_10019801	0.3481254	3.343425514	4.639064615	-	-
AY611496_BPBT	mei_GLEAN_10019802	11.74896793	26.29615953	8.481978404	-	0.062419139
AY611496_BPBT	mei_GLEAN_10019803	7.254484134	35.00822663	75.7876295	-	1.142440612
AY611496_BPBT	mei_GLEAN_10019804	7.830956534	0.824661874	0.851522658	-	-
AY611496_BPBT	mei_GLEAN_10019840	5.928379641	4.098319614	48.87223981	57.64094212	35.37733035
AY611496_BPBT	mei_GLEAN_10026520	1.492517302	-	-	37.78259335	-
AY611496_BPBT	mei_GLEAN_10027817	0.840474179	0.291057132	1.101970498	2.005219365	4.23165043
AY611496_BPBT	mei_GLEAN_10028239	1.798497194	0.19991803	4.489846741	12.60249989	0.747408388
AY622319_lim3h	mei_GLEAN_10000193	-	-	-	11.49088037	-
AY622319_lim3h	mei_GLEAN_10000713	205.5326767	109.8886786	203.8114352	7.934870462	11.67187757
AY622319_lim3h	mei_GLEAN_10000771	-	0.179343941	0.092592755	50.04093065	-
AY622319_lim3h	mei_GLEAN_10000982	1.141710417	6.152283522	23.76222081	23.88625423	0.485248279
AY622319_lim3h	mei_GLEAN_10001282	-	0.092733062	9.335971308	-	-
AY622319_lim3h	mei_GLEAN_10001563	0.130676371	-	0.253106522	16.98212191	-
AY622319_lim3h	mei_GLEAN_10001568	-	-	-	1.050389551	-
AY622319_lim3h	mei_GLEAN_10002319	-	-	-	0.688605993	-
AY622319_lim3h	mei_GLEAN_10002373	-	0.185839295	0.671623505	5.300557331	-
AY622319_lim3h	mei_GLEAN_10002374	-	0.418138415	2.206762944	4.263491766	-
AY622319_lim3h	mei_GLEAN_10002377	0.072070926	1.02744758	2.791877566	5.677729324	-
AY622319_lim3h	mei_GLEAN_10002378	-	-	-	0.254529178	-
AY622319_lim3h	mei_GLEAN_10002980	-	-	-	5.185327823	-
AY622319_lim3h	mei_GLEAN_10004682	160.5411387	2.897291145	21.66688071	2.467868457	25.98522982
AY622319_lim3h	mei_GLEAN_10006570	0.90233244	0.926471981	0.367941889	0.618647308	1.465404871
AY622319_lim3h	mei_GLEAN_10006767	431.0185688	102.991814	33.66561533	124.3229801	148.885341
AY622319_lim3h	mei_GLEAN_10010182	-	0.13295892	-	3.077800042	0.110461508
AY622319_lim3h	mei_GLEAN_10011528	1.585697908	0.220329508	0.273007264	37.85150039	21.25192991
AY622319_lim3h	mei_GLEAN_10011579	-	-	-	1.079820756	-
AY622319_lim3h	mei_GLEAN_10011581	-	-	-	1.930967196	0.036844075
AY622319_lim3h	mei_GLEAN_10011583	0.079111273	-	0.061292119	0.932401231	0.147944591
AY622319_lim3h	mei_GLEAN_10013257	0.184645712	3.371217739	1.192131721	0.076358753	-
AY622319_lim3h	mei_GLEAN_10013258	15.29819964	52.54319621	68.26619411	71.28288254	44.29942797
AY622319_lim3h	mei_GLEAN_10013260	0.488480719	0.458145485	0.567681772	0.075752732	-
AY622319_lim3h	mei_GLEAN_10013262	1.77779736	7.037552722	14.01110987	17.79676126	5.502831475
AY622319_lim3h	mei_GLEAN_10015358					
AY622319_lim3h	mei_GLEAN_10016508					
AY622319_lim3h	mei_GLEAN_10016510	-	-	-	3.070628166	-
AY622319_lim3h	mei_GLEAN_10016511	6.08328896	4.34066211	8.917884578	40.3621124	29.72324383
AY622319_lim3h	mei_GLEAN_10018052	0.157413224	-	-	4.198754984	0.147187841
AY622319_lim3h	mei_GLEAN_10018054	-	-	0.186635103	54.69139678	-
AY622319_lim3h	mei_GLEAN_10018055	0.54414257	0.317551527	2.81052665	1.162633279	1.187189944
AY622319_lim3h	mei_GLEAN_10018056	20.03345633	0.498031092	2.010261333	21.185811	8.350456848
AY622319_lim3h	mei_GLEAN_10018058	5.287473734	0.267457905	2.255384337	0.552790203	39.27429074
AY622319_lim3h	mei_GLEAN_10018060	0.903354755	-	-	2.951243406	52.8765838
AY622319_lim3h	mei_GLEAN_10018062	0.135569539	0.203440815	-	0.084095543	-
AY622319_lim3h	mei_GLEAN_10018314	53.74863659	143.331554	71.5828402	16.18664819	39.38360004
AY622319_lim3h	mei_GLEAN_10018946	2.147043162	0.089498188	0.277239935	0.332959681	-
AY622319_lim3h	mei_GLEAN_10019625	0.348388136	0.871340848	0.404874924	0.10805484	3.257572406
AY622319_lim3h	mei_GLEAN_10019675	4.386535102	36.15288267	11.46995331	0.425160097	-
AY622319_lim3h	mei_GLEAN_10019677	14.54893256	10.28741621	12.15324945	8.913473163	27.3196669
AY622319_lim3h	mei_GLEAN_10020229	0.242317207	0.090907608	-	4.471797076	0.226576558
AY622319_lim3h	mei_GLEAN_10020239	0.051120075	0.30685093	0.71290269	0.570788024	0.382394989
AY622319_lim3h	mei_GLEAN_10020449	-	2.700647071	0.697153053	29.3229521	-
AY622319_lim3h	mei_GLEAN_10020450	-	0.357992751	-	29.37444294	0.111531872
AY622319_lim3h	mei_GLEAN_10022097	19.73633503	29.0769668	118.0977272	84.28488134	136.0232273
AY622319_lim3h	mei_GLEAN_10022098	45.58705528	31.16541414	16.72263357	44.18006461	19.22117052
AY622319_lim3h	mei_GLEAN_10022099	277.4522502	127.7918073	18.12789689	6.225713688	61.11201567
AY622319_lim3h	mei_GLEAN_10022326	0.41189292	0.264900946	-	-	-
AY622319_lim3h	mei_GLEAN_10022513	3.697464965	22.19422713	48.12598296	2.187727686	6.276296312
AY622319_lim3h	mei_GLEAN_10026184	14.06995535	0.08984643	0.092772897	-	0.615812164
AY622319_lim3h	mei_GLEAN_10026689	55.15469001	391.0594643	204.1670248	16.90271435	15.42128452
AY622319_lim3h	mei_GLEAN_10026694	2.493287006	4.169123916	12.41803876	4.772422089	5.861619484
AY622319_lim3h	mei_GLEAN_10026695					
AY622319_lim3h	mei_GLEAN_10026701	0.06022365	2.711217118	2.42625634	27.60720097	12.2759268
AY622319_lim3h	mei_GLEAN_10026702	-	-	-	0.587375026	5.035664011
AY622319_lim3h	mei_GLEAN_10026704	2.335809133	62.34881914	1.62871886	303.5876245	314.4525784
AY622319_lim3h	mei_GLEAN_10027167	9.334665804	11.65823361	34.8541055	214.4321158	39.361802
AY622319_lim3h	mei_GLEAN_10027461	-	-	0.092413312	-	0.557659359
AY622319_lim3h	mei_GLEAN_10029155	4.693375561	2.139663239	5.891616226	53.65750241	214.6476088
AY705977_ODO1	mei_GLEAN_10004680	2.529393315	0.39538583	0.32661143	9.348717244	55.57954016
AY705977_ODO1	mei_GLEAN_10025160	2.001579533	0.375455812	-	7.372034122	19.0665095
DQ243784_PAAS	mei_GLEAN_10011060	-	0.045275554	0.140250791	-	-
DQ243784_PAAS	mei_GLEAN_10014877	272.5722415	-	-	-	-
DQ243784_PAAS	mei_GLEAN_10014881	0.269949871	-	1.150302538	0.083726703	-
DQ243784_PAAS	mei_GLEAN_10014886	0.512904755	-	-	-	-
DQ243784_PAAS	mei_GLEAN_10022427					
DQ243784_PAAS	mei_GLEAN_10028649	12.66800103	10.12911091	5.70042195	5.635625253	4.367133624
DQ459000_AADC	mei_GLEAN_10026361	12.16189005	0.453744088	0.41646523	-	-
DQ459000_AADC	mei_GLEAN_10027803	30.71030552	16.46580589	28.3038342	60.80125273	45.76516743
DQ767969_CFAT	mei_GLEAN_10002327	75.04606422	3.915938253	13.80363045	1.730351869	0.168276157
DQ767969_CFAT	mei_GLEAN_10002329	4.005329978	0.400703383	3.9823923	0.331274418	-
DQ767969_CFAT	mei_GLEAN_10019777	-	-	-	0.248455814	14.60607845
DQ767969_CFAT	mei_GLEAN_10024747	128.5278975	2.867451743	9.505886924	1.621999664	0.062691117
EF467239_IGS	mei_GLEAN_10014525	5014.169833	9.687825921	28.12979581	0.240879348	36.12788241
EF467239_IGS	mei_GLEAN_10014530	5.367607906	0.357992751	0.184826623	-	0.223063744
EF467239_IGS	mei_GLEAN_10024314	821.871962	184.6497741	41.68615437	769.4991797	502.1740516
EF467239_IGS	mei_GLEAN_10027843	63.83921325	26.75213793	23.99695567	742.8915938	1374.971412
EF467239_IGS	mei_GLEAN_10029300	162.2432725	77.99597992	8.107696842	626.7380304	50.37476053
EF467239_IGS	mei_GLEAN_10029541	25.85826531	2.508236753	2.742283831	13.29569349	121.9959132
EF467239_IGS	mei_GLEAN_10029542	6.154857065	2.830452366	-	-	1.856465995
EF467239_IGS	mei_GLEAN_10029543	0.794175105	-	0.153823448	27.52609902	-
EF467241_EGS	mei_GLEAN_10014525	5014.169833	9.687825921	28.12979581	0.240879348	36.12788241
EF467241_EGS	mei_GLEAN_10023107	0.807194369	0.151413328	0.156345144	0.87624799	6.981529496
EF467241_EGS	mei_GLEAN_10024314	821.871962	184.6497741	41.68615437	769.4991797	502.1740516
EF467241_EGS	mei_GLEAN_10027843	63.83921325	26.75213793	23.99695567	742.8915938	1374.971412
EF467241_EGS	mei_GLEAN_10029300	162.2432725	77.99597992	8.107696842	626.7380304	50.37476053
EF467241_EGS	mei_GLEAN_10029541	25.85826531	2.508236753	2.742283831	13.29569349	121.9959132
EF467241_EGS	mei_GLEAN_10029542	6.154857065	2.830452366	-	-	1.856465995
EF467241_EGS	mei_GLEAN_10029543	0.794175105	-	0.153823448	27.52609902	-
EF467241_EGS	mei_GLEAN_10029547	7.156810541	1.54384374	1.940679546	0.388452961	7.695699153
EU033968_CCMT	mei_GLEAN_10004348					
EU033968_CCMT	mei_GLEAN_10007420	14.73329807	-	-	-	-
EU033968_CCMT	mei_GLEAN_10010081	2.8701406	0.358920194	0.555916346	25.41994771	0.07454721
EU033968_CCMT	mei_GLEAN_10010082	-	0.150426922	0.931959651	-	-
EU033968_CCMT	mei_GLEAN_10010083	-	-	-	0.714078118	0.932862588
EU033968_CCMT	mei_GLEAN_10011529	0.504496481	1.45104439	0.13028762	-	1.572416553
EU033968_CCMT	mei_GLEAN_10018856	-	-	-	4.577363966	-
EU033968_CCMT	mei_GLEAN_10018858	0.173376255	-	-	25.27367191	0.324227864
EU033968_CCMT	mei_GLEAN_10018860	0.336330987	0.252355546	0.06514381	5.633022794	0.314483311
EU033968_CCMT	mei_GLEAN_10018861	0.174358557	0.39247364	-	0.108156875	-
EU033968_CCMT	mei_GLEAN_10018863	1.046151343	2.81272775	8.780573581	4.542588731	0.163032424
EU033968_CCMT	mei_GLEAN_10018998					
EU033968_CCMT	mei_GLEAN_10024301	0.18318027	-	-	-	-
EU033968_CCMT	mei_GLEAN_10024304	321.2869677	501.4311728	14.21260102	0.212698478	2.24430708
EU033968_CCMT	mei_GLEAN_10024306	1185.213729	2092.419621	32.80968934	0.612205749	3.775175019
EU033968_CCMT	mei_GLEAN_10027827	5.273121924	-	51.56974298	-	1.697414835
EU033968_CCMT	mei_GLEAN_10027828	1.666477545	0.111145764	0.372989467	3.399848227	23.30412157
EU033968_CCMT	mei_GLEAN_10029094	28.05390651	53.32509706	44.52381455	2.47849545	9.777216628
EU033968_CCMT	mei_GLEAN_10029452	0.492951939	0.317032482	-	0.611568963	1.382791033
EU033968_CCMT	mei_GLEAN_10029759	-	-	0.139024107	11.63190923	0.503356669
EU033968_CCMT	mei_GLEAN_10029868	1.670604061	8.510510535	63.28516392	100.084509	0.328859691
EU108707_menthofuran	mei_GLEAN_10000193	-	-	-	11.49088037	-
EU108707_menthofuran	mei_GLEAN_10000713	205.5326767	109.8886786	203.8114352	7.934870462	11.67187757
EU108707_menthofuran	mei_GLEAN_10000771	-	0.179343941	0.092592755	50.04093065	-
EU108707_menthofuran	mei_GLEAN_10000982	1.141710417	6.152283522	23.76222081	23.88625423	0.485248279
EU108707_menthofuran	mei_GLEAN_10001282	-	0.092733062	9.335971308	-	-
EU108707_menthofuran	mei_GLEAN_10001563	0.130676371	-	0.253106522	16.98212191	-
EU108707_menthofuran	mei_GLEAN_10001568	-	-	-	1.050389551	-
EU108707_menthofuran	mei_GLEAN_10002319	-	-	-	0.688605993	-
EU108707_menthofuran	mei_GLEAN_10002373	-	0.185839295	0.671623505	5.300557331	-
EU108707_menthofuran	mei_GLEAN_10002374	-	0.418138415	2.206762944	4.263491766	-
EU108707_menthofuran	mei_GLEAN_10002377	0.072070926	1.02744758	2.791877566	5.677729324	-
EU108707_menthofuran	mei_GLEAN_10002378	-	-	-	0.254529178	-
EU108707_menthofuran	mei_GLEAN_10002980	-	-	-	5.185327823	-
EU108707_menthofuran	mei_GLEAN_10004682	160.5411387	2.897291145	21.66688071	2.467868457	25.98522982
EU108707_menthofuran	mei_GLEAN_10006570	0.90233244	0.926471981	0.367941889	0.618647308	1.465404871
EU108707_menthofuran	mei_GLEAN_10006767	431.0185688	102.991814	33.66561533	124.3229801	148.885341
EU108707_menthofuran	mei_GLEAN_10007750	0.642347512	26.94625704	1.176296954	0.14489327	0.109203882
EU108707_menthofuran	mei_GLEAN_10007852	2686.718677	-	-	-	-
EU108707_menthofuran	mei_GLEAN_10008985	-	-	-	0.245639372	-
EU108707_menthofuran	mei_GLEAN_10009043	420.2365775	107.6338879	190.8827147	501.510684	369.0066211
EU108707_menthofuran	mei_GLEAN_10010182	-	0.13295892	-	3.077800042	0.110461508
EU108707_menthofuran	mei_GLEAN_10011579	-	-	-	1.079820756	-
EU108707_menthofuran	mei_GLEAN_10011581	-	-	-	1.930967196	0.036844075
EU108707_menthofuran	mei_GLEAN_10011583	0.079111273	-	0.061292119	0.932401231	0.147944591
EU108707_menthofuran	mei_GLEAN_10011760	0.135271584	4.161370685	7.807807754	19.80292946	0.758906978
EU108707_menthofuran	mei_GLEAN_10011781	0.217230249	3.205509212	5.049028465	0.089833828	3.656145971
EU108707_menthofuran	mei_GLEAN_10012843	-	-	-	2.345613881	4.025267479
EU108707_menthofuran	mei_GLEAN_10013257	0.184645712	3.371217739	1.192131721	0.076358753	-
EU108707_menthofuran	mei_GLEAN_10013258	15.29819964	52.54319621	68.26619411	71.28288254	44.29942797
EU108707_menthofuran	mei_GLEAN_10013260	0.488480719	0.458145485	0.567681772	0.075752732	-
EU108707_menthofuran	mei_GLEAN_10013261	5.510888117	0.743357182	-	1.229114743	0.173693499
EU108707_menthofuran	mei_GLEAN_10013262	1.77779736	7.037552722	14.01110987	17.79676126	5.502831475
EU108707_menthofuran	mei_GLEAN_10013412	-	0.216203487	0.848333434	0.07149696	-
EU108707_menthofuran	mei_GLEAN_10013414	0.97592871	-	-	-	-
EU108707_menthofuran	mei_GLEAN_10015358					
EU108707_menthofuran	mei_GLEAN_10016508					
EU108707_menthofuran	mei_GLEAN_10016510	-	-	-	3.070628166	-
EU108707_menthofuran	mei_GLEAN_10016511	6.08328896	4.34066211	8.917884578	40.3621124	29.72324383
EU108707_menthofuran	mei_GLEAN_10017767	10.71839425	30.73803787	27.66356942	9.21852472	6.210037425
EU108707_menthofuran	mei_GLEAN_10017770	15.6635584	-	5.234909752	0.152412681	3.044085459
EU108707_menthofuran	mei_GLEAN_10017772	37.93674227	1.275216783	40.96042323	5.42192332	0.340535183
EU108707_menthofuran	mei_GLEAN_10017784	-	-	2.760225142	2.095674371	-
EU108707_menthofuran	mei_GLEAN_10018052	0.157413224	-	-	4.198754984	0.147187841
EU108707_menthofuran	mei_GLEAN_10018054	-	-	0.186635103	54.69139678	-
EU108707_menthofuran	mei_GLEAN_10018055	0.54414257	0.317551527	2.81052665	1.162633279	1.187189944
EU108707_menthofuran	mei_GLEAN_10018056	20.03345633	0.498031092	2.010261333	21.185811	8.350456848
EU108707_menthofuran	mei_GLEAN_10018058	5.287473734	0.267457905	2.255384337	0.552790203	39.27429074
EU108707_menthofuran	mei_GLEAN_10018060	0.903354755	-	-	2.951243406	52.8765838
EU108707_menthofuran	mei_GLEAN_10018062	0.135569539	0.203440815	-	0.084095543	-
EU108707_menthofuran	mei_GLEAN_10018304	0.289776698	-	-	0.071900898	-
EU108707_menthofuran	mei_GLEAN_10018314	53.74863659	143.331554	71.5828402	16.18664819	39.38360004
EU108707_menthofuran	mei_GLEAN_10018316	2.193810439	0.502962093	4.154756096	-	1.823380462
EU108707_menthofuran	mei_GLEAN_10018322	0.05795534	-	1.032731811	-	-
EU108707_menthofuran	mei_GLEAN_10018946	2.147043162	0.089498188	0.277239935	0.332959681	-
EU108707_menthofuran	mei_GLEAN_10019625	0.348388136	0.871340848	0.404874924	0.10805484	3.257572406
EU108707_menthofuran	mei_GLEAN_10019675	4.386535102	36.15288267	11.46995331	0.425160097	-
EU108707_menthofuran	mei_GLEAN_10019677	14.54893256	10.28741621	12.15324945	8.913473163	27.3196669
EU108707_menthofuran	mei_GLEAN_10020229	0.242317207	0.090907608	-	4.471797076	0.226576558
EU108707_menthofuran	mei_GLEAN_10020239	0.051120075	0.30685093	0.71290269	0.570788024	0.382394989
EU108707_menthofuran	mei_GLEAN_10020242	-	-	-	7.985726205	-
EU108707_menthofuran	mei_GLEAN_10020449	-	2.700647071	0.697153053	29.3229521	-
EU108707_menthofuran	mei_GLEAN_10020450	-	0.357992751	-	29.37444294	0.111531872
EU108707_menthofuran	mei_GLEAN_10022097	19.73633503	29.0769668	118.0977272	84.28488134	136.0232273
EU108707_menthofuran	mei_GLEAN_10022098	45.58705528	31.16541414	16.72263357	44.18006461	19.22117052
EU108707_menthofuran	mei_GLEAN_10022099	277.4522502	127.7918073	18.12789689	6.225713688	61.11201567
EU108707_menthofuran	mei_GLEAN_10022326	0.41189292	0.264900946	-	-	-
EU108707_menthofuran	mei_GLEAN_10022513	3.697464965	22.19422713	48.12598296	2.187727686	6.276296312
EU108707_menthofuran	mei_GLEAN_10024118	0.060341736	2.580706569	0.046750264	0.449169138	32.78118533
EU108707_menthofuran	mei_GLEAN_10024120	-	-	-	6.748150705	-
EU108707_menthofuran	mei_GLEAN_10026184	14.06995535	0.08984643	0.092772897	-	0.615812164
EU108707_menthofuran	mei_GLEAN_10026687	2.614320355	19.05529378	3.99306256	0.18533678	2.793710963
EU108707_menthofuran	mei_GLEAN_10026689	55.15469001	391.0594643	204.1670248	16.90271435	15.42128452
EU108707_menthofuran	mei_GLEAN_10026694	2.493287006	4.169123916	12.41803876	4.772422089	5.861619484
EU108707_menthofuran	mei_GLEAN_10026695					
EU108707_menthofuran	mei_GLEAN_10026698	1.393552543	0.479237466	4.54359637	1.224621517	3.691915394
EU108707_menthofuran	mei_GLEAN_10026701	0.06022365	2.711217118	2.42625634	27.60720097	12.2759268
EU108707_menthofuran	mei_GLEAN_10026702	-	-	-	0.587375026	5.035664011
EU108707_menthofuran	mei_GLEAN_10026704	2.335809133	62.34881914	1.62871886	303.5876245	314.4525784
EU108707_menthofuran	mei_GLEAN_10027167	9.334665804	11.65823361	34.8541055	214.4321158	39.361802
EU108707_menthofuran	mei_GLEAN_10027461	-	-	0.092413312	-	0.557659359
EU108707_menthofuran	mei_GLEAN_10027929	1.170124917	10.00882396	8.43104563	0.616967114	60.94220216
EU108707_menthofuran	mei_GLEAN_10027932	1.98921236	16.59357656	355.8263882	46.59916321	-
EU108707_menthofuran	mei_GLEAN_10027933	2.03046831	7.569885899	23.64599413	35.3454436	2.729196401
EU108707_menthofuran	mei_GLEAN_10028837	6.891538799	12.70425048	11.04678042	8.402411092	6.443872315
EU108707_menthofuran	mei_GLEAN_10028838	27.80379447	20.86171658	61.81594213	26.34966636	9.943561589
EU108707_menthofuran	mei_GLEAN_10028840	-	-	0.800685484	-	5.529567091
EU108707_menthofuran	mei_GLEAN_10028841	84.34221109	161.7629653	14.81268146	0.213690541	5.905362913
EU108707_menthofuran	mei_GLEAN_10029155	4.693375561	2.139663239	5.891616226	53.65750241	214.6476088
GU299532_SAMT	mei_GLEAN_10004348					
GU299532_SAMT	mei_GLEAN_10010081	2.8701406	0.358920194	0.555916346	25.41994771	0.07454721
GU299532_SAMT	mei_GLEAN_10010083	-	-	-	0.714078118	0.932862588
GU299532_SAMT	mei_GLEAN_10011529	0.504496481	1.45104439	0.13028762	-	1.572416553
GU299532_SAMT	mei_GLEAN_10018856	-	-	-	4.577363966	-
GU299532_SAMT	mei_GLEAN_10018858	0.173376255	-	-	25.27367191	0.324227864
GU299532_SAMT	mei_GLEAN_10018859	-	-	-	0.281558825	-
GU299532_SAMT	mei_GLEAN_10018860	0.336330987	0.252355546	0.06514381	5.633022794	0.314483311
GU299532_SAMT	mei_GLEAN_10018861	0.174358557	0.39247364	-	0.108156875	-
GU299532_SAMT	mei_GLEAN_10018863	1.046151343	2.81272775	8.780573581	4.542588731	0.163032424
GU299532_SAMT	mei_GLEAN_10018998					
GU299532_SAMT	mei_GLEAN_10024301	0.18318027	-	-	-	-
GU299532_SAMT	mei_GLEAN_10024304	321.2869677	501.4311728	14.21260102	0.212698478	2.24430708
GU299532_SAMT	mei_GLEAN_10024306	1185.213729	2092.419621	32.80968934	0.612205749	3.775175019
GU299532_SAMT	mei_GLEAN_10027827	5.273121924	-	51.56974298	-	1.697414835
GU299532_SAMT	mei_GLEAN_10027828	1.666477545	0.111145764	0.372989467	3.399848227	23.30412157
GU299532_SAMT	mei_GLEAN_10029094	28.05390651	53.32509706	44.52381455	2.47849545	9.777216628
GU299532_SAMT	mei_GLEAN_10029868	1.670604061	8.510510535	63.28516392	100.084509	0.328859691
NM_117403_terpenoid-synthase	mei_GLEAN_10000493	37.50958265	-	0.339396931	51.15493001	-
NM_117403_terpenoid-synthase	mei_GLEAN_10001955	-	-	-	8.405440079	0.112623182
NM_117403_terpenoid-synthase	mei_GLEAN_10001959	2.771597126	0.860516738	1.703045315	0.296423732	17.56003511
NM_117403_terpenoid-synthase	mei_GLEAN_10002975	0.220209555	0.867443974	0.127956893	36.81338828	0.823619976
NM_117403_terpenoid-synthase	mei_GLEAN_10002979	2.619088113	0.491287925	45.02199584	0.304622687	1.989776053
NM_117403_terpenoid-synthase	mei_GLEAN_10002983	-	-	-	1.265803708	-
NM_117403_terpenoid-synthase	mei_GLEAN_10004059	1.076023962	1.695458677	20.92482951	12.38159857	10.76555543
NM_117403_terpenoid-synthase	mei_GLEAN_10004062	0.219034059	-	0.424246164	0.033967417	25.24232189
NM_117403_terpenoid-synthase	mei_GLEAN_10011580	-	-	-	3.309343785	-
NM_117403_terpenoid-synthase	mei_GLEAN_10020448	-	-	-	0.080717498	-
NM_117403_terpenoid-synthase	mei_GLEAN_10024499	1.416389701	0.096613107	-	0.718858557	2.889562134
NM_117403_terpenoid-synthase	mei_GLEAN_10024500	0.120683472	-	-	0.074861523	0.225688023
NM_117403_terpenoid-synthase	mei_GLEAN_10024526	6.97187349	0.326945592	0.464192882	33.34782727	476.1408126
NM_117403_terpenoid-synthase	mei_GLEAN_10024529	87.19380843	0.63183049	0.177930108	63.06245308	69.1464312
